{"meta": {"format": 3, "version": "7.10.6", "timestamp": "2025-09-20T23:20:35.495803", "branch_coverage": false, "show_contexts": false}, "files": {"src\\simgen\\__init__.py": {"executed_lines": [1, 8, 9, 10], "summary": {"covered_lines": 3, "num_statements": 3, "percent_covered": 100.0, "percent_covered_display": "100", "missing_lines": 0, "excluded_lines": 0}, "missing_lines": [], "excluded_lines": [], "functions": {"": {"executed_lines": [1, 8, 9, 10], "summary": {"covered_lines": 3, "num_statements": 3, "percent_covered": 100.0, "percent_covered_display": "100", "missing_lines": 0, "excluded_lines": 0}, "missing_lines": [], "excluded_lines": []}}, "classes": {"": {"executed_lines": [1, 8, 9, 10], "summary": {"covered_lines": 3, "num_statements": 3, "percent_covered": 100.0, "percent_covered_display": "100", "missing_lines": 0, "excluded_lines": 0}, "missing_lines": [], "excluded_lines": []}}}, "src\\simgen\\api\\__init__.py": {"executed_lines": [0], "summary": {"covered_lines": 0, "num_statements": 0, "percent_covered": 100.0, "percent_covered_display": "100", "missing_lines": 0, "excluded_lines": 0}, "missing_lines": [], "excluded_lines": [], "functions": {"": {"executed_lines": [], "summary": {"covered_lines": 0, "num_statements": 0, "percent_covered": 100.0, "percent_covered_display": "100", "missing_lines": 0, "excluded_lines": 0}, "missing_lines": [], "excluded_lines": []}}, "classes": {"": {"executed_lines": [], "summary": {"covered_lines": 0, "num_statements": 0, "percent_covered": 100.0, "percent_covered_display": "100", "missing_lines": 0, "excluded_lines": 0}, "missing_lines": [], "excluded_lines": []}}}, "src\\simgen\\api\\monitoring.py": {"executed_lines": [1, 6, 7, 8, 9, 10, 11, 13, 14, 15, 16, 18, 19, 23, 24, 26, 29, 30, 40, 41, 42, 78, 79, 80, 103, 104, 105, 123, 124, 125, 144, 145, 146, 192, 193, 215, 216, 260, 319, 321, 327, 328, 334, 335, 365, 366, 388, 389, 390, 418, 419, 420, 448, 449, 450, 478, 479, 480, 515, 516, 517], "summary": {"covered_lines": 60, "num_statements": 203, "percent_covered": 29.55665024630542, "percent_covered_display": "30", "missing_lines": 143, "excluded_lines": 0}, "missing_lines": [20, 21, 22, 32, 44, 45, 48, 49, 52, 55, 61, 63, 75, 84, 85, 87, 88, 90, 91, 92, 94, 112, 113, 115, 128, 130, 131, 132, 134, 149, 152, 153, 156, 165, 166, 170, 171, 174, 175, 180, 181, 182, 184, 197, 198, 200, 203, 204, 205, 206, 208, 219, 220, 221, 224, 233, 234, 244, 245, 251, 263, 266, 267, 269, 271, 275, 276, 282, 283, 284, 285, 287, 289, 291, 295, 296, 302, 303, 305, 309, 310, 315, 323, 330, 339, 340, 343, 345, 346, 348, 353, 354, 370, 372, 374, 376, 377, 393, 394, 399, 400, 401, 403, 408, 409, 423, 424, 429, 430, 431, 433, 438, 439, 453, 454, 459, 460, 461, 463, 468, 469, 487, 488, 493, 494, 495, 500, 505, 506, 524, 525, 527, 528, 533, 534, 536, 537, 539, 540, 545, 547, 553, 554], "excluded_lines": [], "functions": {"basic_health_check": {"executed_lines": [], "summary": {"covered_lines": 0, "num_statements": 1, "percent_covered": 0.0, "percent_covered_display": "0", "missing_lines": 1, "excluded_lines": 0}, "missing_lines": [32], "excluded_lines": []}, "detailed_health_check": {"executed_lines": [], "summary": {"covered_lines": 0, "num_statements": 9, "percent_covered": 0.0, "percent_covered_display": "0", "missing_lines": 9, "excluded_lines": 0}, "missing_lines": [44, 45, 48, 49, 52, 55, 61, 63, 75], "excluded_lines": []}, "get_metrics": {"executed_lines": [], "summary": {"covered_lines": 0, "num_statements": 8, "percent_covered": 0.0, "percent_covered_display": "0", "missing_lines": 8, "excluded_lines": 0}, "missing_lines": [84, 85, 87, 88, 90, 91, 92, 94], "excluded_lines": []}, "get_metric_timeseries": {"executed_lines": [], "summary": {"covered_lines": 0, "num_statements": 3, "percent_covered": 0.0, "percent_covered_display": "0", "missing_lines": 3, "excluded_lines": 0}, "missing_lines": [112, 113, 115], "excluded_lines": []}, "get_circuit_breaker_status": {"executed_lines": [], "summary": {"covered_lines": 0, "num_statements": 5, "percent_covered": 0.0, "percent_covered_display": "0", "missing_lines": 5, "excluded_lines": 0}, "missing_lines": [128, 130, 131, 132, 134], "excluded_lines": []}, "get_performance_status": {"executed_lines": [], "summary": {"covered_lines": 0, "num_statements": 14, "percent_covered": 0.0, "percent_covered_display": "0", "missing_lines": 14, "excluded_lines": 0}, "missing_lines": [149, 152, 153, 156, 165, 166, 170, 171, 174, 175, 180, 181, 182, 184], "excluded_lines": []}, "reset_metrics": {"executed_lines": [], "summary": {"covered_lines": 0, "num_statements": 8, "percent_covered": 0.0, "percent_covered_display": "0", "missing_lines": 8, "excluded_lines": 0}, "missing_lines": [197, 198, 200, 203, 204, 205, 206, 208], "excluded_lines": []}, "get_system_debug_info": {"executed_lines": [], "summary": {"covered_lines": 0, "num_statements": 9, "percent_covered": 0.0, "percent_covered_display": "0", "missing_lines": 9, "excluded_lines": 0}, "missing_lines": [219, 220, 221, 224, 233, 234, 244, 245, 251], "excluded_lines": []}, "_test_critical_services": {"executed_lines": [], "summary": {"covered_lines": 0, "num_statements": 22, "percent_covered": 0.0, "percent_covered_display": "0", "missing_lines": 22, "excluded_lines": 0}, "missing_lines": [263, 266, 267, 269, 271, 275, 276, 282, 283, 284, 285, 287, 289, 291, 295, 296, 302, 303, 305, 309, 310, 315], "excluded_lines": []}, "_get_start_time": {"executed_lines": [], "summary": {"covered_lines": 0, "num_statements": 1, "percent_covered": 0.0, "percent_covered_display": "0", "missing_lines": 1, "excluded_lines": 0}, "missing_lines": [323], "excluded_lines": []}, "ping": {"executed_lines": [], "summary": {"covered_lines": 0, "num_statements": 1, "percent_covered": 0.0, "percent_covered_display": "0", "missing_lines": 1, "excluded_lines": 0}, "missing_lines": [330], "excluded_lines": []}, "readiness_probe": {"executed_lines": [], "summary": {"covered_lines": 0, "num_statements": 8, "percent_covered": 0.0, "percent_covered_display": "0", "missing_lines": 8, "excluded_lines": 0}, "missing_lines": [339, 340, 343, 345, 346, 348, 353, 354], "excluded_lines": []}, "liveness_probe": {"executed_lines": [], "summary": {"covered_lines": 0, "num_statements": 5, "percent_covered": 0.0, "percent_covered_display": "0", "missing_lines": 5, "excluded_lines": 0}, "missing_lines": [370, 372, 374, 376, 377], "excluded_lines": []}, "get_database_health": {"executed_lines": [], "summary": {"covered_lines": 0, "num_statements": 8, "percent_covered": 0.0, "percent_covered_display": "0", "missing_lines": 8, "excluded_lines": 0}, "missing_lines": [393, 394, 399, 400, 401, 403, 408, 409], "excluded_lines": []}, "get_connection_pool_status": {"executed_lines": [], "summary": {"covered_lines": 0, "num_statements": 8, "percent_covered": 0.0, "percent_covered_display": "0", "missing_lines": 8, "excluded_lines": 0}, "missing_lines": [423, 424, 429, 430, 431, 433, 438, 439], "excluded_lines": []}, "get_query_performance": {"executed_lines": [], "summary": {"covered_lines": 0, "num_statements": 8, "percent_covered": 0.0, "percent_covered_display": "0", "missing_lines": 8, "excluded_lines": 0}, "missing_lines": [453, 454, 459, 460, 461, 463, 468, 469], "excluded_lines": []}, "get_database_statistics": {"executed_lines": [], "summary": {"covered_lines": 0, "num_statements": 8, "percent_covered": 0.0, "percent_covered_display": "0", "missing_lines": 8, "excluded_lines": 0}, "missing_lines": [487, 488, 493, 494, 495, 500, 505, 506], "excluded_lines": []}, "invalidate_database_cache": {"executed_lines": [], "summary": {"covered_lines": 0, "num_statements": 14, "percent_covered": 0.0, "percent_covered_display": "0", "missing_lines": 14, "excluded_lines": 0}, "missing_lines": [524, 525, 527, 528, 533, 534, 536, 537, 539, 540, 545, 547, 553, 554], "excluded_lines": []}, "": {"executed_lines": [1, 6, 7, 8, 9, 10, 11, 13, 14, 15, 16, 18, 19, 23, 24, 26, 29, 30, 40, 41, 42, 78, 79, 80, 103, 104, 105, 123, 124, 125, 144, 145, 146, 192, 193, 215, 216, 260, 319, 321, 327, 328, 334, 335, 365, 366, 388, 389, 390, 418, 419, 420, 448, 449, 450, 478, 479, 480, 515, 516, 517], "summary": {"covered_lines": 60, "num_statements": 63, "percent_covered": 95.23809523809524, "percent_covered_display": "95", "missing_lines": 3, "excluded_lines": 0}, "missing_lines": [20, 21, 22], "excluded_lines": []}}, "classes": {"": {"executed_lines": [1, 6, 7, 8, 9, 10, 11, 13, 14, 15, 16, 18, 19, 23, 24, 26, 29, 30, 40, 41, 42, 78, 79, 80, 103, 104, 105, 123, 124, 125, 144, 145, 146, 192, 193, 215, 216, 260, 319, 321, 327, 328, 334, 335, 365, 366, 388, 389, 390, 418, 419, 420, 448, 449, 450, 478, 479, 480, 515, 516, 517], "summary": {"covered_lines": 60, "num_statements": 203, "percent_covered": 29.55665024630542, "percent_covered_display": "30", "missing_lines": 143, "excluded_lines": 0}, "missing_lines": [20, 21, 22, 32, 44, 45, 48, 49, 52, 55, 61, 63, 75, 84, 85, 87, 88, 90, 91, 92, 94, 112, 113, 115, 128, 130, 131, 132, 134, 149, 152, 153, 156, 165, 166, 170, 171, 174, 175, 180, 181, 182, 184, 197, 198, 200, 203, 204, 205, 206, 208, 219, 220, 221, 224, 233, 234, 244, 245, 251, 263, 266, 267, 269, 271, 275, 276, 282, 283, 284, 285, 287, 289, 291, 295, 296, 302, 303, 305, 309, 310, 315, 323, 330, 339, 340, 343, 345, 346, 348, 353, 354, 370, 372, 374, 376, 377, 393, 394, 399, 400, 401, 403, 408, 409, 423, 424, 429, 430, 431, 433, 438, 439, 453, 454, 459, 460, 461, 463, 468, 469, 487, 488, 493, 494, 495, 500, 505, 506, 524, 525, 527, 528, 533, 534, 536, 537, 539, 540, 545, 547, 553, 554], "excluded_lines": []}}}, "src\\simgen\\api\\physics.py": {"executed_lines": [1, 6, 7, 8, 9, 10, 11, 12, 13, 14, 16, 17, 18, 19, 20, 22, 23, 26, 27, 28, 29, 30, 32, 33, 34, 35, 36, 37, 38, 40, 41, 42, 43, 44, 45, 46, 47, 49, 50, 51, 52, 53, 54, 55, 58, 60, 61, 103, 104, 162, 163, 454, 455, 501, 502, 524, 525, 532, 533], "summary": {"covered_lines": 54, "num_statements": 130, "percent_covered": 41.53846153846154, "percent_covered_display": "42", "missing_lines": 76, "excluded_lines": 0}, "missing_lines": [66, 68, 71, 72, 73, 75, 76, 77, 84, 85, 90, 96, 97, 98, 109, 110, 113, 131, 132, 133, 139, 147, 150, 152, 158, 159, 160, 168, 452, 460, 462, 463, 464, 465, 467, 470, 471, 474, 475, 477, 483, 484, 486, 488, 497, 498, 499, 507, 508, 510, 512, 515, 517, 518, 519, 520, 522, 527, 528, 529, 530, 538, 539, 542, 543, 544, 545, 546, 548, 549, 550, 551, 554, 555, 556, 558], "excluded_lines": [], "functions": {"compile_physics_spec": {"executed_lines": [], "summary": {"covered_lines": 0, "num_statements": 14, "percent_covered": 0.0, "percent_covered_display": "0", "missing_lines": 14, "excluded_lines": 0}, "missing_lines": [66, 68, 71, 72, 73, 75, 76, 77, 84, 85, 90, 96, 97, 98], "excluded_lines": []}, "generate_from_prompt": {"executed_lines": [], "summary": {"covered_lines": 0, "num_statements": 13, "percent_covered": 0.0, "percent_covered_display": "0", "missing_lines": 13, "excluded_lines": 0}, "missing_lines": [109, 110, 113, 131, 132, 133, 139, 147, 150, 152, 158, 159, 160], "excluded_lines": []}, "get_physics_templates": {"executed_lines": [], "summary": {"covered_lines": 0, "num_statements": 2, "percent_covered": 0.0, "percent_covered_display": "0", "missing_lines": 2, "excluded_lines": 0}, "missing_lines": [168, 452], "excluded_lines": []}, "run_simulation": {"executed_lines": [], "summary": {"covered_lines": 0, "num_statements": 18, "percent_covered": 0.0, "percent_covered_display": "0", "missing_lines": 18, "excluded_lines": 0}, "missing_lines": [460, 462, 463, 464, 465, 467, 470, 471, 474, 475, 477, 483, 484, 486, 488, 497, 498, 499], "excluded_lines": []}, "stream_simulation": {"executed_lines": [], "summary": {"covered_lines": 0, "num_statements": 10, "percent_covered": 0.0, "percent_covered_display": "0", "missing_lines": 10, "excluded_lines": 0}, "missing_lines": [507, 508, 510, 512, 515, 517, 518, 519, 520, 522], "excluded_lines": []}, "get_stream_stats": {"executed_lines": [], "summary": {"covered_lines": 0, "num_statements": 4, "percent_covered": 0.0, "percent_covered_display": "0", "missing_lines": 4, "excluded_lines": 0}, "missing_lines": [527, 528, 529, 530], "excluded_lines": []}, "validate_physics_spec": {"executed_lines": [], "summary": {"covered_lines": 0, "num_statements": 15, "percent_covered": 0.0, "percent_covered_display": "0", "missing_lines": 15, "excluded_lines": 0}, "missing_lines": [538, 539, 542, 543, 544, 545, 546, 548, 549, 550, 551, 554, 555, 556, 558], "excluded_lines": []}, "": {"executed_lines": [1, 6, 7, 8, 9, 10, 11, 12, 13, 14, 16, 17, 18, 19, 20, 22, 23, 26, 27, 28, 29, 30, 32, 33, 34, 35, 36, 37, 38, 40, 41, 42, 43, 44, 45, 46, 47, 49, 50, 51, 52, 53, 54, 55, 58, 60, 61, 103, 104, 162, 163, 454, 455, 501, 502, 524, 525, 532, 533], "summary": {"covered_lines": 54, "num_statements": 54, "percent_covered": 100.0, "percent_covered_display": "100", "missing_lines": 0, "excluded_lines": 0}, "missing_lines": [], "excluded_lines": []}}, "classes": {"PhysicsSpecRequest": {"executed_lines": [], "summary": {"covered_lines": 0, "num_statements": 0, "percent_covered": 100.0, "percent_covered_display": "100", "missing_lines": 0, "excluded_lines": 0}, "missing_lines": [], "excluded_lines": []}, "CompileResponse": {"executed_lines": [], "summary": {"covered_lines": 0, "num_statements": 0, "percent_covered": 100.0, "percent_covered_display": "100", "missing_lines": 0, "excluded_lines": 0}, "missing_lines": [], "excluded_lines": []}, "PromptToPhysicsRequest": {"executed_lines": [], "summary": {"covered_lines": 0, "num_statements": 0, "percent_covered": 100.0, "percent_covered_display": "100", "missing_lines": 0, "excluded_lines": 0}, "missing_lines": [], "excluded_lines": []}, "SimulationRequest": {"executed_lines": [], "summary": {"covered_lines": 0, "num_statements": 0, "percent_covered": 100.0, "percent_covered_display": "100", "missing_lines": 0, "excluded_lines": 0}, "missing_lines": [], "excluded_lines": []}, "": {"executed_lines": [1, 6, 7, 8, 9, 10, 11, 12, 13, 14, 16, 17, 18, 19, 20, 22, 23, 26, 27, 28, 29, 30, 32, 33, 34, 35, 36, 37, 38, 40, 41, 42, 43, 44, 45, 46, 47, 49, 50, 51, 52, 53, 54, 55, 58, 60, 61, 103, 104, 162, 163, 454, 455, 501, 502, 524, 525, 532, 533], "summary": {"covered_lines": 54, "num_statements": 130, "percent_covered": 41.53846153846154, "percent_covered_display": "42", "missing_lines": 76, "excluded_lines": 0}, "missing_lines": [66, 68, 71, 72, 73, 75, 76, 77, 84, 85, 90, 96, 97, 98, 109, 110, 113, 131, 132, 133, 139, 147, 150, 152, 158, 159, 160, 168, 452, 460, 462, 463, 464, 465, 467, 470, 471, 474, 475, 477, 483, 484, 486, 488, 497, 498, 499, 507, 508, 510, 512, 515, 517, 518, 519, 520, 522, 527, 528, 529, 530, 538, 539, 542, 543, 544, 545, 546, 548, 549, 550, 551, 554, 555, 556, 558], "excluded_lines": []}}}, "src\\simgen\\api\\simulation.py": {"executed_lines": [1, 2, 3, 4, 6, 7, 8, 9, 11, 12, 13, 25, 26, 27, 30, 31, 34, 35, 36, 38, 43, 48, 62, 65, 200, 201, 237, 238, 281, 282, 299, 300, 343, 344, 374, 375, 491, 492, 519, 520], "summary": {"covered_lines": 40, "num_statements": 182, "percent_covered": 21.978021978021978, "percent_covered_display": "22", "missing_lines": 142, "excluded_lines": 0}, "missing_lines": [39, 40, 41, 44, 45, 46, 49, 50, 51, 52, 57, 58, 59, 60, 74, 76, 81, 84, 94, 95, 96, 99, 102, 107, 109, 119, 121, 132, 134, 144, 146, 158, 160, 169, 171, 172, 175, 184, 187, 188, 196, 197, 209, 212, 218, 219, 220, 223, 232, 234, 241, 243, 244, 245, 248, 251, 252, 255, 256, 258, 272, 273, 274, 288, 291, 293, 294, 296, 309, 311, 312, 314, 315, 318, 319, 320, 322, 323, 326, 327, 328, 329, 330, 332, 333, 335, 351, 354, 356, 357, 360, 369, 371, 378, 379, 381, 383, 385, 386, 389, 390, 393, 395, 396, 397, 399, 400, 401, 412, 420, 421, 422, 432, 433, 434, 443, 444, 445, 453, 456, 464, 480, 481, 482, 494, 495, 496, 498, 499, 501, 503, 510, 511, 512, 523, 525, 526, 528, 530, 532, 533, 535], "excluded_lines": [], "functions": {"ConnectionManager.__init__": {"executed_lines": [36], "summary": {"covered_lines": 1, "num_statements": 1, "percent_covered": 100.0, "percent_covered_display": "100", "missing_lines": 0, "excluded_lines": 0}, "missing_lines": [], "excluded_lines": []}, "ConnectionManager.connect": {"executed_lines": [], "summary": {"covered_lines": 0, "num_statements": 3, "percent_covered": 0.0, "percent_covered_display": "0", "missing_lines": 3, "excluded_lines": 0}, "missing_lines": [39, 40, 41], "excluded_lines": []}, "ConnectionManager.disconnect": {"executed_lines": [], "summary": {"covered_lines": 0, "num_statements": 3, "percent_covered": 0.0, "percent_covered_display": "0", "missing_lines": 3, "excluded_lines": 0}, "missing_lines": [44, 45, 46], "excluded_lines": []}, "ConnectionManager.send_progress_update": {"executed_lines": [], "summary": {"covered_lines": 0, "num_statements": 8, "percent_covered": 0.0, "percent_covered_display": "0", "missing_lines": 8, "excluded_lines": 0}, "missing_lines": [49, 50, 51, 52, 57, 58, 59, 60], "excluded_lines": []}, "process_simulation": {"executed_lines": [], "summary": {"covered_lines": 0, "num_statements": 28, "percent_covered": 0.0, "percent_covered_display": "0", "missing_lines": 28, "excluded_lines": 0}, "missing_lines": [74, 76, 81, 84, 94, 95, 96, 99, 102, 107, 109, 119, 121, 132, 134, 144, 146, 158, 160, 169, 171, 172, 175, 184, 187, 188, 196, 197], "excluded_lines": []}, "generate_simulation": {"executed_lines": [], "summary": {"covered_lines": 0, "num_statements": 8, "percent_covered": 0.0, "percent_covered_display": "0", "missing_lines": 8, "excluded_lines": 0}, "missing_lines": [209, 212, 218, 219, 220, 223, 232, 234], "excluded_lines": []}, "test_generate_simulation": {"executed_lines": [], "summary": {"covered_lines": 0, "num_statements": 13, "percent_covered": 0.0, "percent_covered_display": "0", "missing_lines": 13, "excluded_lines": 0}, "missing_lines": [241, 243, 244, 245, 248, 251, 252, 255, 256, 258, 272, 273, 274], "excluded_lines": []}, "get_simulation": {"executed_lines": [], "summary": {"covered_lines": 0, "num_statements": 5, "percent_covered": 0.0, "percent_covered_display": "0", "missing_lines": 5, "excluded_lines": 0}, "missing_lines": [288, 291, 293, 294, 296], "excluded_lines": []}, "list_simulations": {"executed_lines": [], "summary": {"covered_lines": 0, "num_statements": 18, "percent_covered": 0.0, "percent_covered_display": "0", "missing_lines": 18, "excluded_lines": 0}, "missing_lines": [309, 311, 312, 314, 315, 318, 319, 320, 322, 323, 326, 327, 328, 329, 330, 332, 333, 335], "excluded_lines": []}, "submit_feedback": {"executed_lines": [], "summary": {"covered_lines": 0, "num_statements": 7, "percent_covered": 0.0, "percent_covered_display": "0", "missing_lines": 7, "excluded_lines": 0}, "missing_lines": [351, 354, 356, 357, 360, 369, 371], "excluded_lines": []}, "generate_from_sketch": {"executed_lines": [], "summary": {"covered_lines": 0, "num_statements": 31, "percent_covered": 0.0, "percent_covered_display": "0", "missing_lines": 31, "excluded_lines": 0}, "missing_lines": [378, 379, 381, 383, 385, 386, 389, 390, 393, 395, 396, 397, 399, 400, 401, 412, 420, 421, 422, 432, 433, 434, 443, 444, 445, 453, 456, 464, 480, 481, 482], "excluded_lines": []}, "get_performance_stats": {"executed_lines": [], "summary": {"covered_lines": 0, "num_statements": 10, "percent_covered": 0.0, "percent_covered_display": "0", "missing_lines": 10, "excluded_lines": 0}, "missing_lines": [494, 495, 496, 498, 499, 501, 503, 510, 511, 512], "excluded_lines": []}, "websocket_endpoint": {"executed_lines": [], "summary": {"covered_lines": 0, "num_statements": 8, "percent_covered": 0.0, "percent_covered_display": "0", "missing_lines": 8, "excluded_lines": 0}, "missing_lines": [523, 525, 526, 528, 530, 532, 533, 535], "excluded_lines": []}, "": {"executed_lines": [1, 2, 3, 4, 6, 7, 8, 9, 11, 12, 13, 25, 26, 27, 30, 31, 34, 35, 38, 43, 48, 62, 65, 200, 201, 237, 238, 281, 282, 299, 300, 343, 344, 374, 375, 491, 492, 519, 520], "summary": {"covered_lines": 39, "num_statements": 39, "percent_covered": 100.0, "percent_covered_display": "100", "missing_lines": 0, "excluded_lines": 0}, "missing_lines": [], "excluded_lines": []}}, "classes": {"ConnectionManager": {"executed_lines": [36], "summary": {"covered_lines": 1, "num_statements": 15, "percent_covered": 6.666666666666667, "percent_covered_display": "7", "missing_lines": 14, "excluded_lines": 0}, "missing_lines": [39, 40, 41, 44, 45, 46, 49, 50, 51, 52, 57, 58, 59, 60], "excluded_lines": []}, "": {"executed_lines": [1, 2, 3, 4, 6, 7, 8, 9, 11, 12, 13, 25, 26, 27, 30, 31, 34, 35, 38, 43, 48, 62, 65, 200, 201, 237, 238, 281, 282, 299, 300, 343, 344, 374, 375, 491, 492, 519, 520], "summary": {"covered_lines": 39, "num_statements": 167, "percent_covered": 23.353293413173652, "percent_covered_display": "23", "missing_lines": 128, "excluded_lines": 0}, "missing_lines": [74, 76, 81, 84, 94, 95, 96, 99, 102, 107, 109, 119, 121, 132, 134, 144, 146, 158, 160, 169, 171, 172, 175, 184, 187, 188, 196, 197, 209, 212, 218, 219, 220, 223, 232, 234, 241, 243, 244, 245, 248, 251, 252, 255, 256, 258, 272, 273, 274, 288, 291, 293, 294, 296, 309, 311, 312, 314, 315, 318, 319, 320, 322, 323, 326, 327, 328, 329, 330, 332, 333, 335, 351, 354, 356, 357, 360, 369, 371, 378, 379, 381, 383, 385, 386, 389, 390, 393, 395, 396, 397, 399, 400, 401, 412, 420, 421, 422, 432, 433, 434, 443, 444, 445, 453, 456, 464, 480, 481, 482, 494, 495, 496, 498, 499, 501, 503, 510, 511, 512, 523, 525, 526, 528, 530, 532, 533, 535], "excluded_lines": []}}}, "src\\simgen\\api\\templates.py": {"executed_lines": [1, 3, 4, 5, 7, 8, 9, 12, 15, 16, 39, 40, 57, 58], "summary": {"covered_lines": 14, "num_statements": 31, "percent_covered": 45.16129032258065, "percent_covered_display": "45", "missing_lines": 17, "excluded_lines": 0}, "missing_lines": [23, 25, 26, 28, 29, 31, 33, 34, 36, 46, 49, 51, 52, 54, 61, 66, 68], "excluded_lines": [], "functions": {"list_templates": {"executed_lines": [], "summary": {"covered_lines": 0, "num_statements": 9, "percent_covered": 0.0, "percent_covered_display": "0", "missing_lines": 9, "excluded_lines": 0}, "missing_lines": [23, 25, 26, 28, 29, 31, 33, 34, 36], "excluded_lines": []}, "get_template": {"executed_lines": [], "summary": {"covered_lines": 0, "num_statements": 5, "percent_covered": 0.0, "percent_covered_display": "0", "missing_lines": 5, "excluded_lines": 0}, "missing_lines": [46, 49, 51, 52, 54], "excluded_lines": []}, "list_categories": {"executed_lines": [], "summary": {"covered_lines": 0, "num_statements": 3, "percent_covered": 0.0, "percent_covered_display": "0", "missing_lines": 3, "excluded_lines": 0}, "missing_lines": [61, 66, 68], "excluded_lines": []}, "": {"executed_lines": [1, 3, 4, 5, 7, 8, 9, 12, 15, 16, 39, 40, 57, 58], "summary": {"covered_lines": 14, "num_statements": 14, "percent_covered": 100.0, "percent_covered_display": "100", "missing_lines": 0, "excluded_lines": 0}, "missing_lines": [], "excluded_lines": []}}, "classes": {"": {"executed_lines": [1, 3, 4, 5, 7, 8, 9, 12, 15, 16, 39, 40, 57, 58], "summary": {"covered_lines": 14, "num_statements": 31, "percent_covered": 45.16129032258065, "percent_covered_display": "45", "missing_lines": 17, "excluded_lines": 0}, "missing_lines": [23, 25, 26, 28, 29, 31, 33, 34, 36, 46, 49, 51, 52, 54, 61, 66, 68], "excluded_lines": []}}}, "src\\simgen\\core\\config.py": {"executed_lines": [1, 2, 3, 4, 7, 9, 10, 11, 12, 13, 16, 19, 22, 23, 26, 27, 30, 31, 32, 33, 36, 37, 38, 41, 42, 45, 47, 48, 49, 51, 52, 55, 56, 57, 60], "summary": {"covered_lines": 35, "num_statements": 35, "percent_covered": 100.0, "percent_covered_display": "100", "missing_lines": 0, "excluded_lines": 0}, "missing_lines": [], "excluded_lines": [], "functions": {"Settings.cors_origins_list": {"executed_lines": [49], "summary": {"covered_lines": 1, "num_statements": 1, "percent_covered": 100.0, "percent_covered_display": "100", "missing_lines": 0, "excluded_lines": 0}, "missing_lines": [], "excluded_lines": []}, "get_settings": {"executed_lines": [57], "summary": {"covered_lines": 1, "num_statements": 1, "percent_covered": 100.0, "percent_covered_display": "100", "missing_lines": 0, "excluded_lines": 0}, "missing_lines": [], "excluded_lines": []}, "": {"executed_lines": [1, 2, 3, 4, 7, 9, 10, 11, 12, 13, 16, 19, 22, 23, 26, 27, 30, 31, 32, 33, 36, 37, 38, 41, 42, 45, 47, 48, 51, 52, 55, 56, 60], "summary": {"covered_lines": 33, "num_statements": 33, "percent_covered": 100.0, "percent_covered_display": "100", "missing_lines": 0, "excluded_lines": 0}, "missing_lines": [], "excluded_lines": []}}, "classes": {"Settings": {"executed_lines": [49], "summary": {"covered_lines": 1, "num_statements": 1, "percent_covered": 100.0, "percent_covered_display": "100", "missing_lines": 0, "excluded_lines": 0}, "missing_lines": [], "excluded_lines": []}, "Settings.Config": {"executed_lines": [], "summary": {"covered_lines": 0, "num_statements": 0, "percent_covered": 100.0, "percent_covered_display": "100", "missing_lines": 0, "excluded_lines": 0}, "missing_lines": [], "excluded_lines": []}, "": {"executed_lines": [1, 2, 3, 4, 7, 9, 10, 11, 12, 13, 16, 19, 22, 23, 26, 27, 30, 31, 32, 33, 36, 37, 38, 41, 42, 45, 47, 48, 51, 52, 55, 56, 57, 60], "summary": {"covered_lines": 34, "num_statements": 34, "percent_covered": 100.0, "percent_covered_display": "100", "missing_lines": 0, "excluded_lines": 0}, "missing_lines": [], "excluded_lines": []}}}, "src\\simgen\\database\\__init__.py": {"executed_lines": [1, 6], "summary": {"covered_lines": 1, "num_statements": 4, "percent_covered": 25.0, "percent_covered_display": "25", "missing_lines": 3, "excluded_lines": 0}, "missing_lines": [12, 18, 23], "excluded_lines": [], "functions": {"": {"executed_lines": [1, 6], "summary": {"covered_lines": 1, "num_statements": 4, "percent_covered": 25.0, "percent_covered_display": "25", "missing_lines": 3, "excluded_lines": 0}, "missing_lines": [12, 18, 23], "excluded_lines": []}}, "classes": {"": {"executed_lines": [1, 6], "summary": {"covered_lines": 1, "num_statements": 4, "percent_covered": 25.0, "percent_covered_display": "25", "missing_lines": 3, "excluded_lines": 0}, "missing_lines": [12, 18, 23], "excluded_lines": []}}}, "src\\simgen\\database\\connection_pool.py": {"executed_lines": [1, 6, 7, 8, 9, 10, 11, 12, 13, 14, 15], "summary": {"covered_lines": 10, "num_statements": 244, "percent_covered": 4.098360655737705, "percent_covered_display": "4", "missing_lines": 234, "excluded_lines": 0}, "missing_lines": [16, 17, 19, 20, 23, 26, 27, 31, 32, 33, 34, 35, 38, 39, 40, 43, 44, 47, 48, 51, 52, 55, 56, 59, 60, 61, 62, 63, 64, 65, 68, 69, 70, 71, 74, 75, 76, 79, 80, 83, 86, 87, 88, 89, 90, 91, 92, 95, 96, 98, 100, 101, 104, 127, 136, 139, 141, 143, 144, 145, 147, 149, 152, 153, 156, 157, 159, 161, 163, 164, 166, 167, 168, 169, 170, 172, 173, 174, 176, 177, 178, 179, 180, 182, 183, 184, 186, 187, 188, 189, 191, 192, 194, 195, 196, 197, 199, 200, 202, 203, 204, 205, 206, 208, 209, 211, 213, 215, 217, 219, 220, 221, 222, 224, 225, 226, 227, 229, 230, 231, 232, 234, 236, 237, 238, 240, 241, 243, 244, 246, 247, 249, 251, 252, 253, 254, 255, 256, 257, 258, 259, 262, 263, 264, 265, 266, 268, 269, 271, 274, 276, 277, 278, 280, 281, 282, 284, 285, 287, 288, 291, 292, 295, 296, 297, 299, 301, 303, 304, 305, 308, 310, 311, 312, 313, 314, 317, 318, 321, 322, 324, 325, 326, 328, 329, 330, 332, 334, 335, 336, 337, 339, 341, 342, 344, 345, 347, 349, 350, 351, 352, 354, 355, 356, 358, 360, 361, 362, 363, 365, 366, 368, 369, 371, 373, 375, 376, 377, 384, 406, 408, 409, 410, 414, 417, 421, 422, 430, 431, 433, 436, 438, 439, 440], "excluded_lines": [], "functions": {"AdvancedConnectionPool.__init__": {"executed_lines": [], "summary": {"covered_lines": 0, "num_statements": 8, "percent_covered": 0.0, "percent_covered_display": "0", "missing_lines": 8, "excluded_lines": 0}, "missing_lines": [87, 88, 89, 90, 91, 92, 95, 96], "excluded_lines": []}, "AdvancedConnectionPool.initialize": {"executed_lines": [], "summary": {"covered_lines": 0, "num_statements": 10, "percent_covered": 0.0, "percent_covered_display": "0", "missing_lines": 10, "excluded_lines": 0}, "missing_lines": [100, 101, 104, 127, 136, 139, 141, 143, 144, 145], "excluded_lines": []}, "AdvancedConnectionPool._get_database_url": {"executed_lines": [], "summary": {"covered_lines": 0, "num_statements": 6, "percent_covered": 0.0, "percent_covered_display": "0", "missing_lines": 6, "excluded_lines": 0}, "missing_lines": [149, 152, 153, 156, 157, 159], "excluded_lines": []}, "AdvancedConnectionPool._setup_event_listeners": {"executed_lines": [], "summary": {"covered_lines": 0, "num_statements": 12, "percent_covered": 0.0, "percent_covered_display": "0", "missing_lines": 12, "excluded_lines": 0}, "missing_lines": [163, 164, 166, 167, 176, 177, 186, 187, 194, 195, 202, 203], "excluded_lines": []}, "AdvancedConnectionPool._setup_event_listeners.on_connect": {"executed_lines": [], "summary": {"covered_lines": 0, "num_statements": 6, "percent_covered": 0.0, "percent_covered_display": "0", "missing_lines": 6, "excluded_lines": 0}, "missing_lines": [168, 169, 170, 172, 173, 174], "excluded_lines": []}, "AdvancedConnectionPool._setup_event_listeners.on_close": {"executed_lines": [], "summary": {"covered_lines": 0, "num_statements": 6, "percent_covered": 0.0, "percent_covered_display": "0", "missing_lines": 6, "excluded_lines": 0}, "missing_lines": [178, 179, 180, 182, 183, 184], "excluded_lines": []}, "AdvancedConnectionPool._setup_event_listeners.on_checkout": {"executed_lines": [], "summary": {"covered_lines": 0, "num_statements": 4, "percent_covered": 0.0, "percent_covered_display": "0", "missing_lines": 4, "excluded_lines": 0}, "missing_lines": [188, 189, 191, 192], "excluded_lines": []}, "AdvancedConnectionPool._setup_event_listeners.on_checkin": {"executed_lines": [], "summary": {"covered_lines": 0, "num_statements": 4, "percent_covered": 0.0, "percent_covered_display": "0", "missing_lines": 4, "excluded_lines": 0}, "missing_lines": [196, 197, 199, 200], "excluded_lines": []}, "AdvancedConnectionPool._setup_event_listeners.on_invalidate": {"executed_lines": [], "summary": {"covered_lines": 0, "num_statements": 6, "percent_covered": 0.0, "percent_covered_display": "0", "missing_lines": 6, "excluded_lines": 0}, "missing_lines": [204, 205, 206, 208, 209, 211], "excluded_lines": []}, "AdvancedConnectionPool._setup_metrics_tracking": {"executed_lines": [], "summary": {"covered_lines": 0, "num_statements": 1, "percent_covered": 0.0, "percent_covered_display": "0", "missing_lines": 1, "excluded_lines": 0}, "missing_lines": [215], "excluded_lines": []}, "AdvancedConnectionPool._metrics_collector": {"executed_lines": [], "summary": {"covered_lines": 0, "num_statements": 16, "percent_covered": 0.0, "percent_covered_display": "0", "missing_lines": 16, "excluded_lines": 0}, "missing_lines": [219, 220, 221, 222, 224, 225, 226, 227, 229, 230, 231, 232, 234, 236, 237, 238], "excluded_lines": []}, "AdvancedConnectionPool.get_session": {"executed_lines": [], "summary": {"covered_lines": 0, "num_statements": 38, "percent_covered": 0.0, "percent_covered_display": "0", "missing_lines": 38, "excluded_lines": 0}, "missing_lines": [243, 244, 246, 247, 249, 251, 252, 253, 254, 255, 256, 257, 258, 259, 262, 263, 264, 265, 266, 268, 269, 271, 274, 276, 277, 278, 280, 281, 282, 284, 285, 287, 288, 291, 292, 295, 296, 297], "excluded_lines": []}, "AdvancedConnectionPool.execute_query": {"executed_lines": [], "summary": {"covered_lines": 0, "num_statements": 25, "percent_covered": 0.0, "percent_covered_display": "0", "missing_lines": 25, "excluded_lines": 0}, "missing_lines": [301, 303, 304, 305, 308, 310, 311, 312, 313, 314, 317, 318, 321, 322, 324, 325, 326, 328, 329, 330, 332, 334, 335, 336, 337], "excluded_lines": []}, "AdvancedConnectionPool._perform_health_check": {"executed_lines": [], "summary": {"covered_lines": 0, "num_statements": 21, "percent_covered": 0.0, "percent_covered_display": "0", "missing_lines": 21, "excluded_lines": 0}, "missing_lines": [341, 342, 344, 345, 347, 349, 350, 351, 352, 354, 355, 356, 358, 360, 361, 362, 363, 365, 366, 368, 369], "excluded_lines": []}, "AdvancedConnectionPool.get_pool_status": {"executed_lines": [], "summary": {"covered_lines": 0, "num_statements": 5, "percent_covered": 0.0, "percent_covered_display": "0", "missing_lines": 5, "excluded_lines": 0}, "missing_lines": [373, 375, 376, 377, 384], "excluded_lines": []}, "AdvancedConnectionPool.close": {"executed_lines": [], "summary": {"covered_lines": 0, "num_statements": 3, "percent_covered": 0.0, "percent_covered_display": "0", "missing_lines": 3, "excluded_lines": 0}, "missing_lines": [408, 409, 410], "excluded_lines": []}, "get_connection_pool": {"executed_lines": [], "summary": {"covered_lines": 0, "num_statements": 5, "percent_covered": 0.0, "percent_covered_display": "0", "missing_lines": 5, "excluded_lines": 0}, "missing_lines": [421, 422, 430, 431, 433], "excluded_lines": []}, "get_optimized_session": {"executed_lines": [], "summary": {"covered_lines": 0, "num_statements": 3, "percent_covered": 0.0, "percent_covered_display": "0", "missing_lines": 3, "excluded_lines": 0}, "missing_lines": [438, 439, 440], "excluded_lines": []}, "": {"executed_lines": [1, 6, 7, 8, 9, 10, 11, 12, 13, 14, 15], "summary": {"covered_lines": 10, "num_statements": 65, "percent_covered": 15.384615384615385, "percent_covered_display": "15", "missing_lines": 55, "excluded_lines": 0}, "missing_lines": [16, 17, 19, 20, 23, 26, 27, 31, 32, 33, 34, 35, 38, 39, 40, 43, 44, 47, 48, 51, 52, 55, 56, 59, 60, 61, 62, 63, 64, 65, 68, 69, 70, 71, 74, 75, 76, 79, 80, 83, 86, 98, 147, 161, 213, 217, 240, 241, 299, 339, 371, 406, 414, 417, 436], "excluded_lines": []}}, "classes": {"ConnectionPoolConfig": {"executed_lines": [], "summary": {"covered_lines": 0, "num_statements": 0, "percent_covered": 100.0, "percent_covered_display": "100", "missing_lines": 0, "excluded_lines": 0}, "missing_lines": [], "excluded_lines": []}, "ConnectionMetrics": {"executed_lines": [], "summary": {"covered_lines": 0, "num_statements": 0, "percent_covered": 100.0, "percent_covered_display": "100", "missing_lines": 0, "excluded_lines": 0}, "missing_lines": [], "excluded_lines": []}, "AdvancedConnectionPool": {"executed_lines": [], "summary": {"covered_lines": 0, "num_statements": 171, "percent_covered": 0.0, "percent_covered_display": "0", "missing_lines": 171, "excluded_lines": 0}, "missing_lines": [87, 88, 89, 90, 91, 92, 95, 96, 100, 101, 104, 127, 136, 139, 141, 143, 144, 145, 149, 152, 153, 156, 157, 159, 163, 164, 166, 167, 168, 169, 170, 172, 173, 174, 176, 177, 178, 179, 180, 182, 183, 184, 186, 187, 188, 189, 191, 192, 194, 195, 196, 197, 199, 200, 202, 203, 204, 205, 206, 208, 209, 211, 215, 219, 220, 221, 222, 224, 225, 226, 227, 229, 230, 231, 232, 234, 236, 237, 238, 243, 244, 246, 247, 249, 251, 252, 253, 254, 255, 256, 257, 258, 259, 262, 263, 264, 265, 266, 268, 269, 271, 274, 276, 277, 278, 280, 281, 282, 284, 285, 287, 288, 291, 292, 295, 296, 297, 301, 303, 304, 305, 308, 310, 311, 312, 313, 314, 317, 318, 321, 322, 324, 325, 326, 328, 329, 330, 332, 334, 335, 336, 337, 341, 342, 344, 345, 347, 349, 350, 351, 352, 354, 355, 356, 358, 360, 361, 362, 363, 365, 366, 368, 369, 373, 375, 376, 377, 384, 408, 409, 410], "excluded_lines": []}, "": {"executed_lines": [1, 6, 7, 8, 9, 10, 11, 12, 13, 14, 15], "summary": {"covered_lines": 10, "num_statements": 73, "percent_covered": 13.698630136986301, "percent_covered_display": "14", "missing_lines": 63, "excluded_lines": 0}, "missing_lines": [16, 17, 19, 20, 23, 26, 27, 31, 32, 33, 34, 35, 38, 39, 40, 43, 44, 47, 48, 51, 52, 55, 56, 59, 60, 61, 62, 63, 64, 65, 68, 69, 70, 71, 74, 75, 76, 79, 80, 83, 86, 98, 147, 161, 213, 217, 240, 241, 299, 339, 371, 406, 414, 417, 421, 422, 430, 431, 433, 436, 438, 439, 440], "excluded_lines": []}}}, "src\\simgen\\database\\query_optimizer.py": {"executed_lines": [], "summary": {"covered_lines": 0, "num_statements": 241, "percent_covered": 0.0, "percent_covered_display": "0", "missing_lines": 241, "excluded_lines": 0}, "missing_lines": [6, 7, 8, 9, 10, 11, 12, 13, 14, 15, 16, 17, 18, 20, 21, 24, 27, 29, 30, 31, 32, 33, 36, 37, 39, 40, 41, 42, 43, 44, 47, 48, 50, 51, 52, 53, 54, 55, 56, 57, 58, 59, 62, 65, 66, 67, 68, 69, 72, 80, 98, 100, 102, 103, 114, 115, 117, 119, 121, 122, 123, 125, 128, 131, 136, 137, 139, 141, 143, 144, 146, 148, 149, 151, 152, 153, 154, 155, 157, 158, 160, 161, 162, 164, 166, 167, 169, 170, 172, 173, 175, 177, 178, 180, 182, 183, 185, 186, 188, 189, 191, 192, 193, 195, 196, 198, 200, 201, 203, 204, 205, 207, 208, 210, 211, 212, 213, 214, 217, 218, 219, 222, 223, 224, 226, 228, 230, 231, 232, 238, 241, 243, 244, 245, 246, 248, 250, 261, 262, 264, 265, 268, 269, 272, 273, 276, 277, 278, 279, 280, 281, 282, 285, 287, 289, 292, 293, 295, 296, 297, 298, 300, 302, 305, 306, 307, 310, 312, 314, 316, 317, 318, 319, 320, 322, 332, 333, 335, 336, 338, 340, 341, 343, 345, 346, 348, 354, 355, 356, 358, 360, 362, 366, 367, 369, 374, 375, 376, 379, 381, 382, 385, 386, 387, 389, 391, 392, 393, 394, 395, 396, 398, 400, 401, 403, 404, 405, 406, 407, 408, 410, 412, 413, 414, 416, 419, 425, 446, 452, 453, 454, 455, 459, 461, 462, 466, 469, 473, 474, 475, 477], "excluded_lines": [], "functions": {"QueryOptimizer.__init__": {"executed_lines": [], "summary": {"covered_lines": 0, "num_statements": 6, "percent_covered": 0.0, "percent_covered_display": "0", "missing_lines": 6, "excluded_lines": 0}, "missing_lines": [66, 67, 68, 69, 72, 80], "excluded_lines": []}, "QueryOptimizer.initialize": {"executed_lines": [], "summary": {"covered_lines": 0, "num_statements": 10, "percent_covered": 0.0, "percent_covered_display": "0", "missing_lines": 10, "excluded_lines": 0}, "missing_lines": [100, 102, 103, 114, 115, 117, 119, 121, 122, 123], "excluded_lines": []}, "QueryOptimizer._generate_cache_key": {"executed_lines": [], "summary": {"covered_lines": 0, "num_statements": 5, "percent_covered": 0.0, "percent_covered_display": "0", "missing_lines": 5, "excluded_lines": 0}, "missing_lines": [128, 131, 136, 137, 139], "excluded_lines": []}, "QueryOptimizer._generate_query_hash": {"executed_lines": [], "summary": {"covered_lines": 0, "num_statements": 2, "percent_covered": 0.0, "percent_covered_display": "0", "missing_lines": 2, "excluded_lines": 0}, "missing_lines": [143, 144], "excluded_lines": []}, "QueryOptimizer._get_from_cache": {"executed_lines": [], "summary": {"covered_lines": 0, "num_statements": 12, "percent_covered": 0.0, "percent_covered_display": "0", "missing_lines": 12, "excluded_lines": 0}, "missing_lines": [148, 149, 151, 152, 153, 154, 155, 157, 158, 160, 161, 162], "excluded_lines": []}, "QueryOptimizer._set_cache": {"executed_lines": [], "summary": {"covered_lines": 0, "num_statements": 9, "percent_covered": 0.0, "percent_covered_display": "0", "missing_lines": 9, "excluded_lines": 0}, "missing_lines": [166, 167, 169, 170, 172, 173, 175, 177, 178], "excluded_lines": []}, "QueryOptimizer._invalidate_cache_by_tags": {"executed_lines": [], "summary": {"covered_lines": 0, "num_statements": 11, "percent_covered": 0.0, "percent_covered_display": "0", "missing_lines": 11, "excluded_lines": 0}, "missing_lines": [182, 183, 185, 186, 188, 189, 191, 192, 193, 195, 196], "excluded_lines": []}, "QueryOptimizer._update_query_metrics": {"executed_lines": [], "summary": {"covered_lines": 0, "num_statements": 18, "percent_covered": 0.0, "percent_covered_display": "0", "missing_lines": 18, "excluded_lines": 0}, "missing_lines": [200, 201, 203, 204, 205, 207, 208, 210, 211, 212, 213, 214, 217, 218, 219, 222, 223, 224], "excluded_lines": []}, "QueryOptimizer._optimize_query": {"executed_lines": [], "summary": {"covered_lines": 0, "num_statements": 11, "percent_covered": 0.0, "percent_covered_display": "0", "missing_lines": 11, "excluded_lines": 0}, "missing_lines": [228, 230, 231, 232, 238, 241, 243, 244, 245, 246, 248], "excluded_lines": []}, "QueryOptimizer.execute_optimized_query": {"executed_lines": [], "summary": {"covered_lines": 0, "num_statements": 37, "percent_covered": 0.0, "percent_covered_display": "0", "missing_lines": 37, "excluded_lines": 0}, "missing_lines": [261, 262, 264, 265, 268, 269, 272, 273, 276, 277, 278, 279, 280, 281, 282, 285, 287, 289, 292, 293, 295, 296, 297, 298, 300, 302, 305, 306, 307, 310, 312, 314, 316, 317, 318, 319, 320], "excluded_lines": []}, "QueryOptimizer.bulk_insert_optimized": {"executed_lines": [], "summary": {"covered_lines": 0, "num_statements": 36, "percent_covered": 0.0, "percent_covered_display": "0", "missing_lines": 36, "excluded_lines": 0}, "missing_lines": [332, 333, 335, 336, 338, 340, 341, 343, 345, 346, 348, 354, 355, 356, 358, 360, 362, 366, 367, 369, 374, 375, 376, 379, 381, 382, 385, 386, 387, 389, 391, 392, 393, 394, 395, 396], "excluded_lines": []}, "QueryOptimizer.invalidate_cache": {"executed_lines": [], "summary": {"covered_lines": 0, "num_statements": 8, "percent_covered": 0.0, "percent_covered_display": "0", "missing_lines": 8, "excluded_lines": 0}, "missing_lines": [400, 401, 403, 404, 405, 406, 407, 408], "excluded_lines": []}, "QueryOptimizer.get_query_metrics": {"executed_lines": [], "summary": {"covered_lines": 0, "num_statements": 6, "percent_covered": 0.0, "percent_covered_display": "0", "missing_lines": 6, "excluded_lines": 0}, "missing_lines": [412, 413, 414, 416, 419, 425], "excluded_lines": []}, "cached_query": {"executed_lines": [], "summary": {"covered_lines": 0, "num_statements": 3, "percent_covered": 0.0, "percent_covered_display": "0", "missing_lines": 3, "excluded_lines": 0}, "missing_lines": [452, 453, 462], "excluded_lines": []}, "cached_query.decorator": {"executed_lines": [], "summary": {"covered_lines": 0, "num_statements": 2, "percent_covered": 0.0, "percent_covered_display": "0", "missing_lines": 2, "excluded_lines": 0}, "missing_lines": [454, 461], "excluded_lines": []}, "cached_query.decorator.wrapper": {"executed_lines": [], "summary": {"covered_lines": 0, "num_statements": 2, "percent_covered": 0.0, "percent_covered_display": "0", "missing_lines": 2, "excluded_lines": 0}, "missing_lines": [455, 459], "excluded_lines": []}, "get_query_optimizer": {"executed_lines": [], "summary": {"covered_lines": 0, "num_statements": 4, "percent_covered": 0.0, "percent_covered_display": "0", "missing_lines": 4, "excluded_lines": 0}, "missing_lines": [473, 474, 475, 477], "excluded_lines": []}, "": {"executed_lines": [], "summary": {"covered_lines": 0, "num_statements": 59, "percent_covered": 0.0, "percent_covered_display": "0", "missing_lines": 59, "excluded_lines": 0}, "missing_lines": [6, 7, 8, 9, 10, 11, 12, 13, 14, 15, 16, 17, 18, 20, 21, 24, 27, 29, 30, 31, 32, 33, 36, 37, 39, 40, 41, 42, 43, 44, 47, 48, 50, 51, 52, 53, 54, 55, 56, 57, 58, 59, 62, 65, 98, 125, 141, 146, 164, 180, 198, 226, 250, 322, 398, 410, 446, 466, 469], "excluded_lines": []}}, "classes": {"CacheStrategy": {"executed_lines": [], "summary": {"covered_lines": 0, "num_statements": 0, "percent_covered": 100.0, "percent_covered_display": "100", "missing_lines": 0, "excluded_lines": 0}, "missing_lines": [], "excluded_lines": []}, "QueryHint": {"executed_lines": [], "summary": {"covered_lines": 0, "num_statements": 0, "percent_covered": 100.0, "percent_covered_display": "100", "missing_lines": 0, "excluded_lines": 0}, "missing_lines": [], "excluded_lines": []}, "QueryMetrics": {"executed_lines": [], "summary": {"covered_lines": 0, "num_statements": 0, "percent_covered": 100.0, "percent_covered_display": "100", "missing_lines": 0, "excluded_lines": 0}, "missing_lines": [], "excluded_lines": []}, "QueryOptimizer": {"executed_lines": [], "summary": {"covered_lines": 0, "num_statements": 171, "percent_covered": 0.0, "percent_covered_display": "0", "missing_lines": 171, "excluded_lines": 0}, "missing_lines": [66, 67, 68, 69, 72, 80, 100, 102, 103, 114, 115, 117, 119, 121, 122, 123, 128, 131, 136, 137, 139, 143, 144, 148, 149, 151, 152, 153, 154, 155, 157, 158, 160, 161, 162, 166, 167, 169, 170, 172, 173, 175, 177, 178, 182, 183, 185, 186, 188, 189, 191, 192, 193, 195, 196, 200, 201, 203, 204, 205, 207, 208, 210, 211, 212, 213, 214, 217, 218, 219, 222, 223, 224, 228, 230, 231, 232, 238, 241, 243, 244, 245, 246, 248, 261, 262, 264, 265, 268, 269, 272, 273, 276, 277, 278, 279, 280, 281, 282, 285, 287, 289, 292, 293, 295, 296, 297, 298, 300, 302, 305, 306, 307, 310, 312, 314, 316, 317, 318, 319, 320, 332, 333, 335, 336, 338, 340, 341, 343, 345, 346, 348, 354, 355, 356, 358, 360, 362, 366, 367, 369, 374, 375, 376, 379, 381, 382, 385, 386, 387, 389, 391, 392, 393, 394, 395, 396, 400, 401, 403, 404, 405, 406, 407, 408, 412, 413, 414, 416, 419, 425], "excluded_lines": []}, "": {"executed_lines": [], "summary": {"covered_lines": 0, "num_statements": 70, "percent_covered": 0.0, "percent_covered_display": "0", "missing_lines": 70, "excluded_lines": 0}, "missing_lines": [6, 7, 8, 9, 10, 11, 12, 13, 14, 15, 16, 17, 18, 20, 21, 24, 27, 29, 30, 31, 32, 33, 36, 37, 39, 40, 41, 42, 43, 44, 47, 48, 50, 51, 52, 53, 54, 55, 56, 57, 58, 59, 62, 65, 98, 125, 141, 146, 164, 180, 198, 226, 250, 322, 398, 410, 446, 452, 453, 454, 455, 459, 461, 462, 466, 469, 473, 474, 475, 477], "excluded_lines": []}}}, "src\\simgen\\database\\service.py": {"executed_lines": [], "summary": {"covered_lines": 0, "num_statements": 248, "percent_covered": 0.0, "percent_covered_display": "0", "missing_lines": 248, "excluded_lines": 0}, "missing_lines": [6, 7, 8, 9, 10, 11, 12, 14, 15, 16, 17, 18, 21, 22, 25, 28, 29, 30, 31, 33, 35, 36, 37, 39, 40, 42, 43, 46, 53, 54, 56, 58, 60, 61, 62, 63, 64, 65, 67, 68, 69, 70, 71, 74, 75, 76, 78, 79, 81, 82, 83, 84, 86, 94, 95, 101, 102, 103, 105, 106, 108, 109, 111, 112, 114, 115, 117, 118, 120, 121, 123, 124, 125, 126, 128, 138, 139, 145, 146, 147, 148, 150, 151, 158, 159, 161, 162, 169, 170, 172, 173, 175, 176, 177, 178, 180, 188, 189, 191, 193, 194, 196, 202, 203, 205, 206, 212, 213, 216, 217, 221, 222, 224, 225, 226, 227, 229, 236, 237, 239, 244, 247, 249, 251, 256, 259, 262, 263, 267, 268, 270, 272, 273, 274, 275, 278, 286, 287, 288, 290, 296, 297, 298, 299, 300, 301, 303, 304, 305, 307, 309, 310, 312, 313, 314, 316, 318, 319, 321, 322, 324, 325, 326, 327, 329, 336, 342, 343, 344, 345, 346, 348, 349, 350, 351, 353, 355, 356, 357, 360, 367, 368, 369, 370, 371, 372, 374, 375, 376, 377, 378, 381, 382, 383, 384, 388, 389, 391, 392, 393, 394, 397, 405, 406, 407, 409, 414, 416, 420, 421, 423, 425, 433, 434, 437, 446, 447, 450, 452, 460, 461, 464, 473, 474, 476, 488, 489, 491, 492, 493, 494, 496, 499, 501, 504, 507, 508, 509, 511, 518, 519, 520, 528, 531, 535, 536, 537, 539], "excluded_lines": [], "functions": {"DatabaseService.__init__": {"executed_lines": [], "summary": {"covered_lines": 0, "num_statements": 3, "percent_covered": 0.0, "percent_covered_display": "0", "missing_lines": 3, "excluded_lines": 0}, "missing_lines": [29, 30, 31], "excluded_lines": []}, "DatabaseService.initialize": {"executed_lines": [], "summary": {"covered_lines": 0, "num_statements": 3, "percent_covered": 0.0, "percent_covered_display": "0", "missing_lines": 3, "excluded_lines": 0}, "missing_lines": [35, 36, 37], "excluded_lines": []}, "DatabaseService.get_session": {"executed_lines": [], "summary": {"covered_lines": 0, "num_statements": 2, "percent_covered": 0.0, "percent_covered_display": "0", "missing_lines": 2, "excluded_lines": 0}, "missing_lines": [42, 43], "excluded_lines": []}, "DatabaseService.create_simulation": {"executed_lines": [], "summary": {"covered_lines": 0, "num_statements": 24, "percent_covered": 0.0, "percent_covered_display": "0", "missing_lines": 24, "excluded_lines": 0}, "missing_lines": [53, 54, 56, 58, 60, 61, 62, 63, 64, 65, 67, 68, 69, 70, 71, 74, 75, 76, 78, 79, 81, 82, 83, 84], "excluded_lines": []}, "DatabaseService.get_simulation": {"executed_lines": [], "summary": {"covered_lines": 0, "num_statements": 21, "percent_covered": 0.0, "percent_covered_display": "0", "missing_lines": 21, "excluded_lines": 0}, "missing_lines": [94, 95, 101, 102, 103, 105, 106, 108, 109, 111, 112, 114, 115, 117, 118, 120, 121, 123, 124, 125, 126], "excluded_lines": []}, "DatabaseService.get_simulations_by_session": {"executed_lines": [], "summary": {"covered_lines": 0, "num_statements": 20, "percent_covered": 0.0, "percent_covered_display": "0", "missing_lines": 20, "excluded_lines": 0}, "missing_lines": [138, 139, 145, 146, 147, 148, 150, 151, 158, 159, 161, 162, 169, 170, 172, 173, 175, 176, 177, 178], "excluded_lines": []}, "DatabaseService.update_simulation": {"executed_lines": [], "summary": {"covered_lines": 0, "num_statements": 20, "percent_covered": 0.0, "percent_covered_display": "0", "missing_lines": 20, "excluded_lines": 0}, "missing_lines": [188, 189, 191, 193, 194, 196, 202, 203, 205, 206, 212, 213, 216, 217, 221, 222, 224, 225, 226, 227], "excluded_lines": []}, "DatabaseService.delete_simulation": {"executed_lines": [], "summary": {"covered_lines": 0, "num_statements": 18, "percent_covered": 0.0, "percent_covered_display": "0", "missing_lines": 18, "excluded_lines": 0}, "missing_lines": [236, 237, 239, 244, 247, 249, 251, 256, 259, 262, 263, 267, 268, 270, 272, 273, 274, 275], "excluded_lines": []}, "DatabaseService.get_templates": {"executed_lines": [], "summary": {"covered_lines": 0, "num_statements": 28, "percent_covered": 0.0, "percent_covered_display": "0", "missing_lines": 28, "excluded_lines": 0}, "missing_lines": [286, 287, 288, 290, 296, 297, 298, 299, 300, 301, 303, 304, 305, 307, 309, 310, 312, 313, 314, 316, 318, 319, 321, 322, 324, 325, 326, 327], "excluded_lines": []}, "DatabaseService.get_template_by_name": {"executed_lines": [], "summary": {"covered_lines": 0, "num_statements": 14, "percent_covered": 0.0, "percent_covered_display": "0", "missing_lines": 14, "excluded_lines": 0}, "missing_lines": [336, 342, 343, 344, 345, 346, 348, 349, 350, 351, 353, 355, 356, 357], "excluded_lines": []}, "DatabaseService.create_quality_assessment": {"executed_lines": [], "summary": {"covered_lines": 0, "num_statements": 21, "percent_covered": 0.0, "percent_covered_display": "0", "missing_lines": 21, "excluded_lines": 0}, "missing_lines": [367, 368, 369, 370, 371, 372, 374, 375, 376, 377, 378, 381, 382, 383, 384, 388, 389, 391, 392, 393, 394], "excluded_lines": []}, "DatabaseService.get_simulation_statistics": {"executed_lines": [], "summary": {"covered_lines": 0, "num_statements": 29, "percent_covered": 0.0, "percent_covered_display": "0", "missing_lines": 29, "excluded_lines": 0}, "missing_lines": [405, 406, 407, 409, 414, 416, 420, 421, 423, 425, 433, 434, 437, 446, 447, 450, 452, 460, 461, 464, 473, 474, 476, 488, 489, 491, 492, 493, 494], "excluded_lines": []}, "DatabaseService.get_database_health": {"executed_lines": [], "summary": {"covered_lines": 0, "num_statements": 10, "percent_covered": 0.0, "percent_covered_display": "0", "missing_lines": 10, "excluded_lines": 0}, "missing_lines": [499, 501, 504, 507, 508, 509, 511, 518, 519, 520], "excluded_lines": []}, "get_database_service": {"executed_lines": [], "summary": {"covered_lines": 0, "num_statements": 4, "percent_covered": 0.0, "percent_covered_display": "0", "missing_lines": 4, "excluded_lines": 0}, "missing_lines": [535, 536, 537, 539], "excluded_lines": []}, "": {"executed_lines": [], "summary": {"covered_lines": 0, "num_statements": 31, "percent_covered": 0.0, "percent_covered_display": "0", "missing_lines": 31, "excluded_lines": 0}, "missing_lines": [6, 7, 8, 9, 10, 11, 12, 14, 15, 16, 17, 18, 21, 22, 25, 28, 33, 39, 40, 46, 86, 128, 180, 229, 278, 329, 360, 397, 496, 528, 531], "excluded_lines": []}}, "classes": {"DatabaseService": {"executed_lines": [], "summary": {"covered_lines": 0, "num_statements": 213, "percent_covered": 0.0, "percent_covered_display": "0", "missing_lines": 213, "excluded_lines": 0}, "missing_lines": [29, 30, 31, 35, 36, 37, 42, 43, 53, 54, 56, 58, 60, 61, 62, 63, 64, 65, 67, 68, 69, 70, 71, 74, 75, 76, 78, 79, 81, 82, 83, 84, 94, 95, 101, 102, 103, 105, 106, 108, 109, 111, 112, 114, 115, 117, 118, 120, 121, 123, 124, 125, 126, 138, 139, 145, 146, 147, 148, 150, 151, 158, 159, 161, 162, 169, 170, 172, 173, 175, 176, 177, 178, 188, 189, 191, 193, 194, 196, 202, 203, 205, 206, 212, 213, 216, 217, 221, 222, 224, 225, 226, 227, 236, 237, 239, 244, 247, 249, 251, 256, 259, 262, 263, 267, 268, 270, 272, 273, 274, 275, 286, 287, 288, 290, 296, 297, 298, 299, 300, 301, 303, 304, 305, 307, 309, 310, 312, 313, 314, 316, 318, 319, 321, 322, 324, 325, 326, 327, 336, 342, 343, 344, 345, 346, 348, 349, 350, 351, 353, 355, 356, 357, 367, 368, 369, 370, 371, 372, 374, 375, 376, 377, 378, 381, 382, 383, 384, 388, 389, 391, 392, 393, 394, 405, 406, 407, 409, 414, 416, 420, 421, 423, 425, 433, 434, 437, 446, 447, 450, 452, 460, 461, 464, 473, 474, 476, 488, 489, 491, 492, 493, 494, 499, 501, 504, 507, 508, 509, 511, 518, 519, 520], "excluded_lines": []}, "": {"executed_lines": [], "summary": {"covered_lines": 0, "num_statements": 35, "percent_covered": 0.0, "percent_covered_display": "0", "missing_lines": 35, "excluded_lines": 0}, "missing_lines": [6, 7, 8, 9, 10, 11, 12, 14, 15, 16, 17, 18, 21, 22, 25, 28, 33, 39, 40, 46, 86, 128, 180, 229, 278, 329, 360, 397, 496, 528, 531, 535, 536, 537, 539], "excluded_lines": []}}}, "src\\simgen\\db\\base.py": {"executed_lines": [1, 2, 3, 4, 6, 9, 10, 14, 22, 29, 30, 32, 35, 44, 54, 55, 61, 63], "summary": {"covered_lines": 18, "num_statements": 29, "percent_covered": 62.06896551724138, "percent_covered_display": "62", "missing_lines": 11, "excluded_lines": 0}, "missing_lines": [11, 37, 38, 39, 41, 46, 47, 48, 50, 56, 59], "excluded_lines": [], "functions": {"get_async_session": {"executed_lines": [], "summary": {"covered_lines": 0, "num_statements": 4, "percent_covered": 0.0, "percent_covered_display": "0", "missing_lines": 4, "excluded_lines": 0}, "missing_lines": [37, 38, 39, 41], "excluded_lines": []}, "get_session": {"executed_lines": [], "summary": {"covered_lines": 0, "num_statements": 4, "percent_covered": 0.0, "percent_covered_display": "0", "missing_lines": 4, "excluded_lines": 0}, "missing_lines": [46, 47, 48, 50], "excluded_lines": []}, "": {"executed_lines": [1, 2, 3, 4, 6, 9, 10, 14, 22, 29, 30, 32, 35, 44, 54, 55, 61, 63], "summary": {"covered_lines": 18, "num_statements": 21, "percent_covered": 85.71428571428571, "percent_covered_display": "86", "missing_lines": 3, "excluded_lines": 0}, "missing_lines": [11, 56, 59], "excluded_lines": []}}, "classes": {"": {"executed_lines": [1, 2, 3, 4, 6, 9, 10, 14, 22, 29, 30, 32, 35, 44, 54, 55, 61, 63], "summary": {"covered_lines": 18, "num_statements": 29, "percent_covered": 62.06896551724138, "percent_covered_display": "62", "missing_lines": 11, "excluded_lines": 0}, "missing_lines": [11, 37, 38, 39, 41, 46, 47, 48, 50, 56, 59], "excluded_lines": []}}}, "src\\simgen\\documentation\\__init__.py": {"executed_lines": [1, 6, 8], "summary": {"covered_lines": 2, "num_statements": 2, "percent_covered": 100.0, "percent_covered_display": "100", "missing_lines": 0, "excluded_lines": 0}, "missing_lines": [], "excluded_lines": [], "functions": {"": {"executed_lines": [1, 6, 8], "summary": {"covered_lines": 2, "num_statements": 2, "percent_covered": 100.0, "percent_covered_display": "100", "missing_lines": 0, "excluded_lines": 0}, "missing_lines": [], "excluded_lines": []}}, "classes": {"": {"executed_lines": [1, 6, 8], "summary": {"covered_lines": 2, "num_statements": 2, "percent_covered": 100.0, "percent_covered_display": "100", "missing_lines": 0, "excluded_lines": 0}, "missing_lines": [], "excluded_lines": []}}}, "src\\simgen\\documentation\\openapi_config.py": {"executed_lines": [1, 6, 7, 8, 9, 12, 13, 15, 16, 186, 187, 455, 456, 540, 541, 576, 577, 598], "summary": {"covered_lines": 16, "num_statements": 64, "percent_covered": 25.0, "percent_covered_display": "25", "missing_lines": 48, "excluded_lines": 0}, "missing_lines": [19, 20, 22, 92, 108, 114, 126, 162, 163, 166, 172, 178, 183, 184, 191, 192, 193, 194, 196, 199, 283, 354, 380, 413, 459, 462, 532, 533, 534, 536, 537, 538, 544, 545, 547, 567, 568, 570, 583, 585, 586, 587, 589, 590, 591, 592, 593, 594], "excluded_lines": [], "functions": {"OpenAPIConfig.get_custom_openapi_schema": {"executed_lines": [], "summary": {"covered_lines": 0, "num_statements": 14, "percent_covered": 0.0, "percent_covered_display": "0", "missing_lines": 14, "excluded_lines": 0}, "missing_lines": [19, 20, 22, 92, 108, 114, 126, 162, 163, 166, 172, 178, 183, 184], "excluded_lines": []}, "OpenAPIConfig._enhance_schemas": {"executed_lines": [], "summary": {"covered_lines": 0, "num_statements": 10, "percent_covered": 0.0, "percent_covered_display": "0", "missing_lines": 10, "excluded_lines": 0}, "missing_lines": [191, 192, 193, 194, 196, 199, 283, 354, 380, 413], "excluded_lines": []}, "OpenAPIConfig._add_response_examples": {"executed_lines": [], "summary": {"covered_lines": 0, "num_statements": 8, "percent_covered": 0.0, "percent_covered_display": "0", "missing_lines": 8, "excluded_lines": 0}, "missing_lines": [459, 462, 532, 533, 534, 536, 537, 538], "excluded_lines": []}, "OpenAPIConfig.setup_documentation_routes": {"executed_lines": [], "summary": {"covered_lines": 0, "num_statements": 4, "percent_covered": 0.0, "percent_covered_display": "0", "missing_lines": 4, "excluded_lines": 0}, "missing_lines": [544, 545, 567, 568], "excluded_lines": []}, "OpenAPIConfig.setup_documentation_routes.custom_swagger_ui_html": {"executed_lines": [], "summary": {"covered_lines": 0, "num_statements": 1, "percent_covered": 0.0, "percent_covered_display": "0", "missing_lines": 1, "excluded_lines": 0}, "missing_lines": [547], "excluded_lines": []}, "OpenAPIConfig.setup_documentation_routes.redoc_html": {"executed_lines": [], "summary": {"covered_lines": 0, "num_statements": 1, "percent_covered": 0.0, "percent_covered_display": "0", "missing_lines": 1, "excluded_lines": 0}, "missing_lines": [570], "excluded_lines": []}, "OpenAPIConfig.add_endpoint_documentation": {"executed_lines": [], "summary": {"covered_lines": 0, "num_statements": 10, "percent_covered": 0.0, "percent_covered_display": "0", "missing_lines": 10, "excluded_lines": 0}, "missing_lines": [583, 585, 586, 587, 589, 590, 591, 592, 593, 594], "excluded_lines": []}, "": {"executed_lines": [1, 6, 7, 8, 9, 12, 13, 15, 16, 186, 187, 455, 456, 540, 541, 576, 577, 598], "summary": {"covered_lines": 16, "num_statements": 16, "percent_covered": 100.0, "percent_covered_display": "100", "missing_lines": 0, "excluded_lines": 0}, "missing_lines": [], "excluded_lines": []}}, "classes": {"OpenAPIConfig": {"executed_lines": [], "summary": {"covered_lines": 0, "num_statements": 48, "percent_covered": 0.0, "percent_covered_display": "0", "missing_lines": 48, "excluded_lines": 0}, "missing_lines": [19, 20, 22, 92, 108, 114, 126, 162, 163, 166, 172, 178, 183, 184, 191, 192, 193, 194, 196, 199, 283, 354, 380, 413, 459, 462, 532, 533, 534, 536, 537, 538, 544, 545, 547, 567, 568, 570, 583, 585, 586, 587, 589, 590, 591, 592, 593, 594], "excluded_lines": []}, "": {"executed_lines": [1, 6, 7, 8, 9, 12, 13, 15, 16, 186, 187, 455, 456, 540, 541, 576, 577, 598], "summary": {"covered_lines": 16, "num_statements": 16, "percent_covered": 100.0, "percent_covered_display": "100", "missing_lines": 0, "excluded_lines": 0}, "missing_lines": [], "excluded_lines": []}}}, "src\\simgen\\main.py": {"executed_lines": [1, 2, 3, 5, 6, 7, 8, 10, 11, 12, 16, 20, 23, 24, 60, 69, 79, 80, 87, 88, 100, 101, 143, 144, 147, 148, 152, 153, 163], "summary": {"covered_lines": 29, "num_statements": 76, "percent_covered": 38.1578947368421, "percent_covered_display": "38", "missing_lines": 47, "excluded_lines": 0}, "missing_lines": [27, 30, 35, 38, 39, 40, 41, 44, 45, 46, 47, 49, 50, 51, 53, 56, 81, 89, 90, 103, 105, 107, 108, 109, 110, 111, 112, 113, 115, 117, 118, 119, 120, 121, 122, 123, 125, 127, 128, 129, 130, 131, 132, 133, 135, 155, 164], "excluded_lines": [], "functions": {"lifespan": {"executed_lines": [], "summary": {"covered_lines": 0, "num_statements": 16, "percent_covered": 0.0, "percent_covered_display": "0", "missing_lines": 16, "excluded_lines": 0}, "missing_lines": [27, 30, 35, 38, 39, 40, 41, 44, 45, 46, 47, 49, 50, 51, 53, 56], "excluded_lines": []}, "http_exception_handler": {"executed_lines": [], "summary": {"covered_lines": 0, "num_statements": 1, "percent_covered": 0.0, "percent_covered_display": "0", "missing_lines": 1, "excluded_lines": 0}, "missing_lines": [81], "excluded_lines": []}, "general_exception_handler": {"executed_lines": [], "summary": {"covered_lines": 0, "num_statements": 2, "percent_covered": 0.0, "percent_covered_display": "0", "missing_lines": 2, "excluded_lines": 0}, "missing_lines": [89, 90], "excluded_lines": []}, "health_check": {"executed_lines": [], "summary": {"covered_lines": 0, "num_statements": 26, "percent_covered": 0.0, "percent_covered_display": "0", "missing_lines": 26, "excluded_lines": 0}, "missing_lines": [103, 105, 107, 108, 109, 110, 111, 112, 113, 115, 117, 118, 119, 120, 121, 122, 123, 125, 127, 128, 129, 130, 131, 132, 133, 135], "excluded_lines": []}, "root": {"executed_lines": [], "summary": {"covered_lines": 0, "num_statements": 1, "percent_covered": 0.0, "percent_covered_display": "0", "missing_lines": 1, "excluded_lines": 0}, "missing_lines": [155], "excluded_lines": []}, "": {"executed_lines": [1, 2, 3, 5, 6, 7, 8, 10, 11, 12, 16, 20, 23, 24, 60, 69, 79, 80, 87, 88, 100, 101, 143, 144, 147, 148, 152, 153, 163], "summary": {"covered_lines": 29, "num_statements": 30, "percent_covered": 96.66666666666667, "percent_covered_display": "97", "missing_lines": 1, "excluded_lines": 0}, "missing_lines": [164], "excluded_lines": []}}, "classes": {"": {"executed_lines": [1, 2, 3, 5, 6, 7, 8, 10, 11, 12, 16, 20, 23, 24, 60, 69, 79, 80, 87, 88, 100, 101, 143, 144, 147, 148, 152, 153, 163], "summary": {"covered_lines": 29, "num_statements": 76, "percent_covered": 38.1578947368421, "percent_covered_display": "38", "missing_lines": 47, "excluded_lines": 0}, "missing_lines": [27, 30, 35, 38, 39, 40, 41, 44, 45, 46, 47, 49, 50, 51, 53, 56, 81, 89, 90, 103, 105, 107, 108, 109, 110, 111, 112, 113, 115, 117, 118, 119, 120, 121, 122, 123, 125, 127, 128, 129, 130, 131, 132, 133, 135, 155, 164], "excluded_lines": []}}}, "src\\simgen\\middleware\\security.py": {"executed_lines": [1, 6, 7, 8, 9, 10, 11, 12, 13, 14, 15, 16, 18, 19, 20, 21, 22, 23, 25, 27, 30, 31, 32, 33, 34, 35, 36, 39, 40, 41, 42, 43, 44, 45, 46, 47, 48, 49, 52, 53, 55, 60, 80, 91, 111, 112, 114, 124, 139, 238, 285, 286, 288, 289, 298, 299, 324, 325, 353, 354, 372, 373, 375, 388, 434, 448, 486, 501, 529, 534, 543, 544, 545, 547, 565], "summary": {"covered_lines": 68, "num_statements": 245, "percent_covered": 27.755102040816325, "percent_covered_display": "28", "missing_lines": 177, "excluded_lines": 0}, "missing_lines": [56, 57, 58, 63, 82, 83, 85, 86, 87, 89, 93, 95, 96, 97, 98, 100, 108, 115, 116, 117, 118, 119, 120, 121, 122, 132, 134, 135, 137, 148, 151, 152, 153, 156, 157, 158, 160, 161, 162, 165, 166, 167, 169, 171, 172, 173, 176, 177, 178, 189, 190, 191, 202, 203, 204, 216, 217, 218, 219, 220, 221, 222, 223, 224, 226, 247, 248, 250, 253, 254, 255, 259, 262, 263, 268, 269, 276, 278, 291, 292, 301, 302, 305, 306, 307, 310, 311, 313, 314, 316, 318, 319, 327, 328, 330, 331, 338, 344, 345, 346, 351, 356, 357, 360, 363, 366, 367, 369, 382, 383, 384, 385, 386, 391, 393, 394, 395, 401, 402, 405, 408, 409, 411, 414, 415, 418, 421, 423, 425, 426, 428, 429, 430, 437, 438, 439, 441, 442, 443, 446, 452, 454, 455, 456, 457, 459, 462, 463, 464, 465, 466, 471, 476, 477, 480, 488, 498, 499, 504, 506, 515, 516, 522, 524, 525, 531, 536, 537, 538, 539, 554, 559, 560, 562, 567, 568, 570], "excluded_lines": [], "functions": {"APIKeyAuth.__init__": {"executed_lines": [], "summary": {"covered_lines": 0, "num_statements": 3, "percent_covered": 0.0, "percent_covered_display": "0", "missing_lines": 3, "excluded_lines": 0}, "missing_lines": [56, 57, 58], "excluded_lines": []}, "APIKeyAuth._load_api_keys": {"executed_lines": [], "summary": {"covered_lines": 0, "num_statements": 1, "percent_covered": 0.0, "percent_covered_display": "0", "missing_lines": 1, "excluded_lines": 0}, "missing_lines": [63], "excluded_lines": []}, "APIKeyAuth.validate_api_key": {"executed_lines": [], "summary": {"covered_lines": 0, "num_statements": 6, "percent_covered": 0.0, "percent_covered_display": "0", "missing_lines": 6, "excluded_lines": 0}, "missing_lines": [82, 83, 85, 86, 87, 89], "excluded_lines": []}, "APIKeyAuth.generate_api_key": {"executed_lines": [], "summary": {"covered_lines": 0, "num_statements": 7, "percent_covered": 0.0, "percent_covered_display": "0", "missing_lines": 7, "excluded_lines": 0}, "missing_lines": [93, 95, 96, 97, 98, 100, 108], "excluded_lines": []}, "RateLimiter.__init__": {"executed_lines": [], "summary": {"covered_lines": 0, "num_statements": 8, "percent_covered": 0.0, "percent_covered_display": "0", "missing_lines": 8, "excluded_lines": 0}, "missing_lines": [115, 116, 117, 118, 119, 120, 121, 122], "excluded_lines": []}, "RateLimiter.check_rate_limit": {"executed_lines": [], "summary": {"covered_lines": 0, "num_statements": 4, "percent_covered": 0.0, "percent_covered_display": "0", "missing_lines": 4, "excluded_lines": 0}, "missing_lines": [132, 134, 135, 137], "excluded_lines": []}, "RateLimiter._check_redis_rate_limit": {"executed_lines": [], "summary": {"covered_lines": 0, "num_statements": 36, "percent_covered": 0.0, "percent_covered_display": "0", "missing_lines": 36, "excluded_lines": 0}, "missing_lines": [148, 151, 152, 153, 156, 157, 158, 160, 161, 162, 165, 166, 167, 169, 171, 172, 173, 176, 177, 178, 189, 190, 191, 202, 203, 204, 216, 217, 218, 219, 220, 221, 222, 223, 224, 226], "excluded_lines": []}, "RateLimiter._check_local_rate_limit": {"executed_lines": [], "summary": {"covered_lines": 0, "num_statements": 13, "percent_covered": 0.0, "percent_covered_display": "0", "missing_lines": 13, "excluded_lines": 0}, "missing_lines": [247, 248, 250, 253, 254, 255, 259, 262, 263, 268, 269, 276, 278], "excluded_lines": []}, "InputValidator.validate_request_size": {"executed_lines": [], "summary": {"covered_lines": 0, "num_statements": 2, "percent_covered": 0.0, "percent_covered_display": "0", "missing_lines": 2, "excluded_lines": 0}, "missing_lines": [291, 292], "excluded_lines": []}, "InputValidator.validate_sketch_data": {"executed_lines": [], "summary": {"covered_lines": 0, "num_statements": 12, "percent_covered": 0.0, "percent_covered_display": "0", "missing_lines": 12, "excluded_lines": 0}, "missing_lines": [301, 302, 305, 306, 307, 310, 311, 313, 314, 316, 318, 319], "excluded_lines": []}, "InputValidator.validate_prompt": {"executed_lines": [], "summary": {"covered_lines": 0, "num_statements": 9, "percent_covered": 0.0, "percent_covered_display": "0", "missing_lines": 9, "excluded_lines": 0}, "missing_lines": [327, 328, 330, 331, 338, 344, 345, 346, 351], "excluded_lines": []}, "InputValidator.sanitize_user_input": {"executed_lines": [], "summary": {"covered_lines": 0, "num_statements": 7, "percent_covered": 0.0, "percent_covered_display": "0", "missing_lines": 7, "excluded_lines": 0}, "missing_lines": [356, 357, 360, 363, 366, 367, 369], "excluded_lines": []}, "SecurityMiddleware.__init__": {"executed_lines": [], "summary": {"covered_lines": 0, "num_statements": 5, "percent_covered": 0.0, "percent_covered_display": "0", "missing_lines": 5, "excluded_lines": 0}, "missing_lines": [382, 383, 384, 385, 386], "excluded_lines": []}, "SecurityMiddleware.dispatch": {"executed_lines": [], "summary": {"covered_lines": 0, "num_statements": 20, "percent_covered": 0.0, "percent_covered_display": "0", "missing_lines": 20, "excluded_lines": 0}, "missing_lines": [391, 393, 394, 395, 401, 402, 405, 408, 409, 411, 414, 415, 418, 421, 423, 425, 426, 428, 429, 430], "excluded_lines": []}, "SecurityMiddleware._get_client_ip": {"executed_lines": [], "summary": {"covered_lines": 0, "num_statements": 7, "percent_covered": 0.0, "percent_covered_display": "0", "missing_lines": 7, "excluded_lines": 0}, "missing_lines": [437, 438, 439, 441, 442, 443, 446], "excluded_lines": []}, "SecurityMiddleware._authenticate_request": {"executed_lines": [], "summary": {"covered_lines": 0, "num_statements": 15, "percent_covered": 0.0, "percent_covered_display": "0", "missing_lines": 15, "excluded_lines": 0}, "missing_lines": [452, 454, 455, 456, 457, 459, 462, 463, 464, 465, 466, 471, 476, 477, 480], "excluded_lines": []}, "SecurityMiddleware._add_security_headers": {"executed_lines": [], "summary": {"covered_lines": 0, "num_statements": 3, "percent_covered": 0.0, "percent_covered_display": "0", "missing_lines": 3, "excluded_lines": 0}, "missing_lines": [488, 498, 499], "excluded_lines": []}, "SecurityMiddleware._create_error_response": {"executed_lines": [], "summary": {"covered_lines": 0, "num_statements": 7, "percent_covered": 0.0, "percent_covered_display": "0", "missing_lines": 7, "excluded_lines": 0}, "missing_lines": [504, 506, 515, 516, 522, 524, 525], "excluded_lines": []}, "get_current_user": {"executed_lines": [], "summary": {"covered_lines": 0, "num_statements": 1, "percent_covered": 0.0, "percent_covered_display": "0", "missing_lines": 1, "excluded_lines": 0}, "missing_lines": [531], "excluded_lines": []}, "require_api_key": {"executed_lines": [], "summary": {"covered_lines": 0, "num_statements": 4, "percent_covered": 0.0, "percent_covered_display": "0", "missing_lines": 4, "excluded_lines": 0}, "missing_lines": [536, 537, 538, 539], "excluded_lines": []}, "initialize_security": {"executed_lines": [], "summary": {"covered_lines": 0, "num_statements": 4, "percent_covered": 0.0, "percent_covered_display": "0", "missing_lines": 4, "excluded_lines": 0}, "missing_lines": [554, 559, 560, 562], "excluded_lines": []}, "get_security_components": {"executed_lines": [], "summary": {"covered_lines": 0, "num_statements": 3, "percent_covered": 0.0, "percent_covered_display": "0", "missing_lines": 3, "excluded_lines": 0}, "missing_lines": [567, 568, 570], "excluded_lines": []}, "": {"executed_lines": [1, 6, 7, 8, 9, 10, 11, 12, 13, 14, 15, 16, 18, 19, 20, 21, 22, 23, 25, 27, 30, 31, 32, 33, 34, 35, 36, 39, 40, 41, 42, 43, 44, 45, 46, 47, 48, 49, 52, 53, 55, 60, 80, 91, 111, 112, 114, 124, 139, 238, 285, 286, 288, 289, 298, 299, 324, 325, 353, 354, 372, 373, 375, 388, 434, 448, 486, 501, 529, 534, 543, 544, 545, 547, 565], "summary": {"covered_lines": 68, "num_statements": 68, "percent_covered": 100.0, "percent_covered_display": "100", "missing_lines": 0, "excluded_lines": 0}, "missing_lines": [], "excluded_lines": []}}, "classes": {"RateLimitConfig": {"executed_lines": [], "summary": {"covered_lines": 0, "num_statements": 0, "percent_covered": 100.0, "percent_covered_display": "100", "missing_lines": 0, "excluded_lines": 0}, "missing_lines": [], "excluded_lines": []}, "SecurityConfig": {"executed_lines": [], "summary": {"covered_lines": 0, "num_statements": 0, "percent_covered": 100.0, "percent_covered_display": "100", "missing_lines": 0, "excluded_lines": 0}, "missing_lines": [], "excluded_lines": []}, "APIKeyAuth": {"executed_lines": [], "summary": {"covered_lines": 0, "num_statements": 17, "percent_covered": 0.0, "percent_covered_display": "0", "missing_lines": 17, "excluded_lines": 0}, "missing_lines": [56, 57, 58, 63, 82, 83, 85, 86, 87, 89, 93, 95, 96, 97, 98, 100, 108], "excluded_lines": []}, "RateLimiter": {"executed_lines": [], "summary": {"covered_lines": 0, "num_statements": 61, "percent_covered": 0.0, "percent_covered_display": "0", "missing_lines": 61, "excluded_lines": 0}, "missing_lines": [115, 116, 117, 118, 119, 120, 121, 122, 132, 134, 135, 137, 148, 151, 152, 153, 156, 157, 158, 160, 161, 162, 165, 166, 167, 169, 171, 172, 173, 176, 177, 178, 189, 190, 191, 202, 203, 204, 216, 217, 218, 219, 220, 221, 222, 223, 224, 226, 247, 248, 250, 253, 254, 255, 259, 262, 263, 268, 269, 276, 278], "excluded_lines": []}, "InputValidator": {"executed_lines": [], "summary": {"covered_lines": 0, "num_statements": 30, "percent_covered": 0.0, "percent_covered_display": "0", "missing_lines": 30, "excluded_lines": 0}, "missing_lines": [291, 292, 301, 302, 305, 306, 307, 310, 311, 313, 314, 316, 318, 319, 327, 328, 330, 331, 338, 344, 345, 346, 351, 356, 357, 360, 363, 366, 367, 369], "excluded_lines": []}, "SecurityMiddleware": {"executed_lines": [], "summary": {"covered_lines": 0, "num_statements": 57, "percent_covered": 0.0, "percent_covered_display": "0", "missing_lines": 57, "excluded_lines": 0}, "missing_lines": [382, 383, 384, 385, 386, 391, 393, 394, 395, 401, 402, 405, 408, 409, 411, 414, 415, 418, 421, 423, 425, 426, 428, 429, 430, 437, 438, 439, 441, 442, 443, 446, 452, 454, 455, 456, 457, 459, 462, 463, 464, 465, 466, 471, 476, 477, 480, 488, 498, 499, 504, 506, 515, 516, 522, 524, 525], "excluded_lines": []}, "": {"executed_lines": [1, 6, 7, 8, 9, 10, 11, 12, 13, 14, 15, 16, 18, 19, 20, 21, 22, 23, 25, 27, 30, 31, 32, 33, 34, 35, 36, 39, 40, 41, 42, 43, 44, 45, 46, 47, 48, 49, 52, 53, 55, 60, 80, 91, 111, 112, 114, 124, 139, 238, 285, 286, 288, 289, 298, 299, 324, 325, 353, 354, 372, 373, 375, 388, 434, 448, 486, 501, 529, 534, 543, 544, 545, 547, 565], "summary": {"covered_lines": 68, "num_statements": 80, "percent_covered": 85.0, "percent_covered_display": "85", "missing_lines": 12, "excluded_lines": 0}, "missing_lines": [531, 536, 537, 538, 539, 554, 559, 560, 562, 567, 568, 570], "excluded_lines": []}}}, "src\\simgen\\models\\physics_spec.py": {"executed_lines": [1, 6, 7, 8, 11, 12, 13, 15, 16, 17, 18, 19, 21, 22, 23, 24, 25, 26, 28, 29, 30, 31, 32, 33, 34, 35, 36, 38, 39, 40, 41, 42, 43, 44, 46, 47, 48, 49, 50, 51, 52, 53, 54, 55, 56, 57, 58, 59, 60, 61, 62, 63, 65, 66, 67, 68, 69, 70, 71, 72, 74, 75, 76, 77, 78, 80, 81, 82, 83, 84, 85, 88, 89, 90, 92, 93, 99, 100, 101, 102, 103, 104, 105, 106, 107, 108, 109, 111, 112, 113, 114, 115, 117, 119, 121, 123, 125, 126, 127, 128, 129, 130, 132, 133, 138, 139, 140, 141, 142, 143, 144, 145, 146, 148, 149, 155, 157, 158, 159, 160, 161, 162, 163, 166, 170, 171, 176, 177, 178, 179, 180, 181, 183, 184, 185, 186, 187, 188, 192, 193, 194, 195, 196, 197, 198, 200, 201, 202, 203, 204, 205, 206, 208, 209, 210, 211, 212, 213, 214, 215, 216, 218, 219, 225, 226, 230, 231, 232, 233, 234, 235, 236, 238, 239, 255, 261, 262, 265], "summary": {"covered_lines": 159, "num_statements": 196, "percent_covered": 81.12244897959184, "percent_covered_display": "81", "missing_lines": 37, "excluded_lines": 0}, "missing_lines": [94, 95, 96, 97, 116, 118, 120, 122, 134, 135, 136, 150, 151, 152, 172, 173, 174, 220, 221, 222, 223, 240, 241, 243, 244, 245, 246, 247, 248, 249, 250, 251, 252, 253, 257, 258, 259], "excluded_lines": [], "functions": {"Joint.validate_range": {"executed_lines": [], "summary": {"covered_lines": 0, "num_statements": 4, "percent_covered": 0.0, "percent_covered_display": "0", "missing_lines": 4, "excluded_lines": 0}, "missing_lines": [94, 95, 96, 97], "excluded_lines": []}, "Geom.validate_size": {"executed_lines": [113, 114, 115, 117, 119, 121, 123], "summary": {"covered_lines": 7, "num_statements": 11, "percent_covered": 63.63636363636363, "percent_covered_display": "64", "missing_lines": 4, "excluded_lines": 0}, "missing_lines": [116, 118, 120, 122], "excluded_lines": []}, "Inertial.validate_mass": {"executed_lines": [], "summary": {"covered_lines": 0, "num_statements": 3, "percent_covered": 0.0, "percent_covered_display": "0", "missing_lines": 3, "excluded_lines": 0}, "missing_lines": [134, 135, 136], "excluded_lines": []}, "Body.validate_id": {"executed_lines": [], "summary": {"covered_lines": 0, "num_statements": 3, "percent_covered": 0.0, "percent_covered_display": "0", "missing_lines": 3, "excluded_lines": 0}, "missing_lines": [150, 151, 152], "excluded_lines": []}, "Actuator.validate_gear": {"executed_lines": [], "summary": {"covered_lines": 0, "num_statements": 3, "percent_covered": 0.0, "percent_covered_display": "0", "missing_lines": 3, "excluded_lines": 0}, "missing_lines": [172, 173, 174], "excluded_lines": []}, "SimulationMeta.validate_gravity": {"executed_lines": [], "summary": {"covered_lines": 0, "num_statements": 4, "percent_covered": 0.0, "percent_covered_display": "0", "missing_lines": 4, "excluded_lines": 0}, "missing_lines": [220, 221, 222, 223], "excluded_lines": []}, "PhysicsSpec.validate_bodies": {"executed_lines": [], "summary": {"covered_lines": 0, "num_statements": 5, "percent_covered": 0.0, "percent_covered_display": "0", "missing_lines": 5, "excluded_lines": 0}, "missing_lines": [240, 241, 243, 252, 253], "excluded_lines": []}, "PhysicsSpec.validate_bodies.collect_ids": {"executed_lines": [], "summary": {"covered_lines": 0, "num_statements": 8, "percent_covered": 0.0, "percent_covered_display": "0", "missing_lines": 8, "excluded_lines": 0}, "missing_lines": [244, 245, 246, 247, 248, 249, 250, 251], "excluded_lines": []}, "PhysicsSpec.to_mjcf": {"executed_lines": [], "summary": {"covered_lines": 0, "num_statements": 3, "percent_covered": 0.0, "percent_covered_display": "0", "missing_lines": 3, "excluded_lines": 0}, "missing_lines": [257, 258, 259], "excluded_lines": []}, "": {"executed_lines": [1, 6, 7, 8, 11, 12, 13, 15, 16, 17, 18, 19, 21, 22, 23, 24, 25, 26, 28, 29, 30, 31, 32, 33, 34, 35, 36, 38, 39, 40, 41, 42, 43, 44, 46, 47, 48, 49, 50, 51, 52, 53, 54, 55, 56, 57, 58, 59, 60, 61, 62, 63, 65, 66, 67, 68, 69, 70, 71, 72, 74, 75, 76, 77, 78, 80, 81, 82, 83, 84, 85, 88, 89, 90, 92, 93, 99, 100, 101, 102, 103, 104, 105, 106, 107, 108, 109, 111, 112, 125, 126, 127, 128, 129, 130, 132, 133, 138, 139, 140, 141, 142, 143, 144, 145, 146, 148, 149, 155, 157, 158, 159, 160, 161, 162, 163, 166, 170, 171, 176, 177, 178, 179, 180, 181, 183, 184, 185, 186, 187, 188, 192, 193, 194, 195, 196, 197, 198, 200, 201, 202, 203, 204, 205, 206, 208, 209, 210, 211, 212, 213, 214, 215, 216, 218, 219, 225, 226, 230, 231, 232, 233, 234, 235, 236, 238, 239, 255, 261, 262, 265], "summary": {"covered_lines": 152, "num_statements": 152, "percent_covered": 100.0, "percent_covered_display": "100", "missing_lines": 0, "excluded_lines": 0}, "missing_lines": [], "excluded_lines": []}}, "classes": {"PhysicsSpecVersion": {"executed_lines": [], "summary": {"covered_lines": 0, "num_statements": 0, "percent_covered": 100.0, "percent_covered_display": "100", "missing_lines": 0, "excluded_lines": 0}, "missing_lines": [], "excluded_lines": []}, "JointType": {"executed_lines": [], "summary": {"covered_lines": 0, "num_statements": 0, "percent_covered": 100.0, "percent_covered_display": "100", "missing_lines": 0, "excluded_lines": 0}, "missing_lines": [], "excluded_lines": []}, "GeomType": {"executed_lines": [], "summary": {"covered_lines": 0, "num_statements": 0, "percent_covered": 100.0, "percent_covered_display": "100", "missing_lines": 0, "excluded_lines": 0}, "missing_lines": [], "excluded_lines": []}, "ActuatorType": {"executed_lines": [], "summary": {"covered_lines": 0, "num_statements": 0, "percent_covered": 100.0, "percent_covered_display": "100", "missing_lines": 0, "excluded_lines": 0}, "missing_lines": [], "excluded_lines": []}, "SensorType": {"executed_lines": [], "summary": {"covered_lines": 0, "num_statements": 0, "percent_covered": 100.0, "percent_covered_display": "100", "missing_lines": 0, "excluded_lines": 0}, "missing_lines": [], "excluded_lines": []}, "Material": {"executed_lines": [], "summary": {"covered_lines": 0, "num_statements": 0, "percent_covered": 100.0, "percent_covered_display": "100", "missing_lines": 0, "excluded_lines": 0}, "missing_lines": [], "excluded_lines": []}, "Friction": {"executed_lines": [], "summary": {"covered_lines": 0, "num_statements": 0, "percent_covered": 100.0, "percent_covered_display": "100", "missing_lines":
[...]
es": [1, 6, 7, 8, 9, 10, 11, 12, 13, 15, 17, 18, 20, 21, 22, 23, 24, 25, 26, 27, 28, 29, 30, 33, 34, 35, 36, 37, 38, 39, 41, 42, 43, 44, 45, 46, 47, 48, 49, 50, 51, 52, 54, 55, 60, 61, 68, 69, 76, 77, 113, 114, 143, 144, 156, 157, 161, 165, 184, 193, 215, 245, 262, 287, 316, 323, 329, 335, 342, 353, 362, 373, 385, 399, 415], "summary": {"covered_lines": 70, "num_statements": 70, "percent_covered": 100.0, "percent_covered_display": "100", "missing_lines": 0, "excluded_lines": 0}, "missing_lines": [], "excluded_lines": []}}}, "src\\simgen\\validation\\__init__.py": {"executed_lines": [1, 6, 7], "summary": {"covered_lines": 2, "num_statements": 4, "percent_covered": 50.0, "percent_covered_display": "50", "missing_lines": 2, "excluded_lines": 0}, "missing_lines": [8, 10], "excluded_lines": [], "functions": {"": {"executed_lines": [1, 6, 7], "summary": {"covered_lines": 2, "num_statements": 4, "percent_covered": 50.0, "percent_covered_display": "50", "missing_lines": 2, "excluded_lines": 0}, "missing_lines": [8, 10], "excluded_lines": []}}, "classes": {"": {"executed_lines": [1, 6, 7], "summary": {"covered_lines": 2, "num_statements": 4, "percent_covered": 50.0, "percent_covered_display": "50", "missing_lines": 2, "excluded_lines": 0}, "missing_lines": [8, 10], "excluded_lines": []}}}, "src\\simgen\\validation\\middleware.py": {"executed_lines": [1, 6, 7, 8, 9, 10, 11, 12, 13, 14, 15, 17, 20, 23, 24, 27, 28, 29, 30, 33, 34, 35, 36, 39, 40, 43, 44, 47, 50, 51, 52, 53, 54, 55, 56, 59, 60, 61, 62, 63, 64, 65, 68, 69, 71, 107, 156, 219, 248, 286, 336, 384, 414, 426, 438, 453], "summary": {"covered_lines": 51, "num_statements": 247, "percent_covered": 20.647773279352226, "percent_covered_display": "21", "missing_lines": 196, "excluded_lines": 0}, "missing_lines": [72, 73, 74, 77, 84, 92, 100, 109, 111, 113, 115, 116, 119, 120, 123, 126, 127, 130, 131, 134, 135, 136, 138, 140, 141, 142, 144, 145, 147, 158, 160, 162, 163, 164, 165, 166, 175, 176, 177, 178, 181, 182, 183, 184, 185, 186, 189, 190, 191, 192, 193, 194, 195, 197, 198, 200, 201, 204, 205, 206, 209, 210, 212, 213, 214, 215, 217, 221, 224, 225, 226, 235, 236, 237, 238, 246, 250, 251, 254, 255, 256, 259, 260, 261, 262, 269, 272, 273, 274, 275, 282, 284, 288, 290, 292, 293, 296, 297, 300, 301, 302, 303, 305, 306, 309, 310, 311, 312, 313, 315, 316, 317, 320, 321, 322, 324, 325, 326, 327, 329, 330, 331, 332, 334, 338, 341, 342, 343, 344, 346, 347, 349, 350, 353, 354, 355, 356, 358, 359, 361, 362, 363, 365, 366, 367, 368, 369, 371, 372, 374, 375, 376, 379, 380, 382, 386, 389, 390, 391, 392, 401, 402, 403, 404, 412, 416, 417, 418, 419, 420, 422, 424, 428, 430, 431, 432, 433, 435, 436, 440, 449, 450, 451, 457, 459, 460, 461, 462, 465, 466, 472, 473, 476, 483, 484, 489], "excluded_lines": [], "functions": {"APIValidationMiddleware.__init__": {"executed_lines": [], "summary": {"covered_lines": 0, "num_statements": 7, "percent_covered": 0.0, "percent_covered_display": "0", "missing_lines": 7, "excluded_lines": 0}, "missing_lines": [72, 73, 74, 77, 84, 92, 100], "excluded_lines": []}, "APIValidationMiddleware.dispatch": {"executed_lines": [], "summary": {"covered_lines": 0, "num_statements": 22, "percent_covered": 0.0, "percent_covered_display": "0", "missing_lines": 22, "excluded_lines": 0}, "missing_lines": [109, 111, 113, 115, 116, 119, 120, 123, 126, 127, 130, 131, 134, 135, 136, 138, 140, 141, 142, 144, 145, 147], "excluded_lines": []}, "APIValidationMiddleware._validate_request": {"executed_lines": [], "summary": {"covered_lines": 0, "num_statements": 38, "percent_covered": 0.0, "percent_covered_display": "0", "missing_lines": 38, "excluded_lines": 0}, "missing_lines": [158, 160, 162, 163, 164, 165, 166, 175, 176, 177, 178, 181, 182, 183, 184, 185, 186, 189, 190, 191, 192, 193, 194, 195, 197, 198, 200, 201, 204, 205, 206, 209, 210, 212, 213, 214, 215, 217], "excluded_lines": []}, "APIValidationMiddleware._validate_path": {"executed_lines": [], "summary": {"covered_lines": 0, "num_statements": 9, "percent_covered": 0.0, "percent_covered_display": "0", "missing_lines": 9, "excluded_lines": 0}, "missing_lines": [221, 224, 225, 226, 235, 236, 237, 238, 246], "excluded_lines": []}, "APIValidationMiddleware._validate_parameter": {"executed_lines": [], "summary": {"covered_lines": 0, "num_statements": 16, "percent_covered": 0.0, "percent_covered_display": "0", "missing_lines": 16, "excluded_lines": 0}, "missing_lines": [250, 251, 254, 255, 256, 259, 260, 261, 262, 269, 272, 273, 274, 275, 282, 284], "excluded_lines": []}, "APIValidationMiddleware._validate_body": {"executed_lines": [], "summary": {"covered_lines": 0, "num_statements": 32, "percent_covered": 0.0, "percent_covered_display": "0", "missing_lines": 32, "excluded_lines": 0}, "missing_lines": [288, 290, 292, 293, 296, 297, 300, 301, 302, 303, 305, 306, 309, 310, 311, 312, 313, 315, 316, 317, 320, 321, 322, 324, 325, 326, 327, 329, 330, 331, 332, 334], "excluded_lines": []}, "APIValidationMiddleware._validate_json_structure": {"executed_lines": [], "summary": {"covered_lines": 0, "num_statements": 31, "percent_covered": 0.0, "percent_covered_display": "0", "missing_lines": 31, "excluded_lines": 0}, "missing_lines": [338, 341, 342, 343, 344, 346, 347, 349, 350, 353, 354, 355, 356, 358, 359, 361, 362, 363, 365, 366, 367, 368, 369, 371, 372, 374, 375, 376, 379, 380, 382], "excluded_lines": []}, "APIValidationMiddleware._check_security_threats": {"executed_lines": [], "summary": {"covered_lines": 0, "num_statements": 10, "percent_covered": 0.0, "percent_covered_display": "0", "missing_lines": 10, "excluded_lines": 0}, "missing_lines": [386, 389, 390, 391, 392, 401, 402, 403, 404, 412], "excluded_lines": []}, "APIValidationMiddleware._sanitize_data": {"executed_lines": [], "summary": {"covered_lines": 0, "num_statements": 7, "percent_covered": 0.0, "percent_covered_display": "0", "missing_lines": 7, "excluded_lines": 0}, "missing_lines": [416, 417, 418, 419, 420, 422, 424], "excluded_lines": []}, "APIValidationMiddleware._validate_response": {"executed_lines": [], "summary": {"covered_lines": 0, "num_statements": 7, "percent_covered": 0.0, "percent_covered_display": "0", "missing_lines": 7, "excluded_lines": 0}, "missing_lines": [428, 430, 431, 432, 433, 435, 436], "excluded_lines": []}, "APIValidationMiddleware._add_security_headers": {"executed_lines": [], "summary": {"covered_lines": 0, "num_statements": 4, "percent_covered": 0.0, "percent_covered_display": "0", "missing_lines": 4, "excluded_lines": 0}, "missing_lines": [440, 449, 450, 451], "excluded_lines": []}, "APIValidationMiddleware._create_validation_error_response": {"executed_lines": [], "summary": {"covered_lines": 0, "num_statements": 13, "percent_covered": 0.0, "percent_covered_display": "0", "missing_lines": 13, "excluded_lines": 0}, "missing_lines": [457, 459, 460, 461, 462, 465, 466, 472, 473, 476, 483, 484, 489], "excluded_lines": []}, "": {"executed_lines": [1, 6, 7, 8, 9, 10, 11, 12, 13, 14, 15, 17, 20, 23, 24, 27, 28, 29, 30, 33, 34, 35, 36, 39, 40, 43, 44, 47, 50, 51, 52, 53, 54, 55, 56, 59, 60, 61, 62, 63, 64, 65, 68, 69, 71, 107, 156, 219, 248, 286, 336, 384, 414, 426, 438, 453], "summary": {"covered_lines": 51, "num_statements": 51, "percent_covered": 100.0, "percent_covered_display": "100", "missing_lines": 0, "excluded_lines": 0}, "missing_lines": [], "excluded_lines": []}}, "classes": {"ValidationConfig": {"executed_lines": [], "summary": {"covered_lines": 0, "num_statements": 0, "percent_covered": 100.0, "percent_covered_display": "100", "missing_lines": 0, "excluded_lines": 0}, "missing_lines": [], "excluded_lines": []}, "SecurityThreat": {"executed_lines": [], "summary": {"covered_lines": 0, "num_statements": 0, "percent_covered": 100.0, "percent_covered_display": "100", "missing_lines": 0, "excluded_lines": 0}, "missing_lines": [], "excluded_lines": []}, "ValidationResult": {"executed_lines": [], "summary": {"covered_lines": 0, "num_statements": 0, "percent_covered": 100.0, "percent_covered_display": "100", "missing_lines": 0, "excluded_lines": 0}, "missing_lines": [], "excluded_lines": []}, "APIValidationMiddleware": {"executed_lines": [], "summary": {"covered_lines": 0, "num_statements": 196, "percent_covered": 0.0, "percent_covered_display": "0", "missing_lines": 196, "excluded_lines": 0}, "missing_lines": [72, 73, 74, 77, 84, 92, 100, 109, 111, 113, 115, 116, 119, 120, 123, 126, 127, 130, 131, 134, 135, 136, 138, 140, 141, 142, 144, 145, 147, 158, 160, 162, 163, 164, 165, 166, 175, 176, 177, 178, 181, 182, 183, 184, 185, 186, 189, 190, 191, 192, 193, 194, 195, 197, 198, 200, 201, 204, 205, 206, 209, 210, 212, 213, 214, 215, 217, 221, 224, 225, 226, 235, 236, 237, 238, 246, 250, 251, 254, 255, 256, 259, 260, 261, 262, 269, 272, 273, 274, 275, 282, 284, 288, 290, 292, 293, 296, 297, 300, 301, 302, 303, 305, 306, 309, 310, 311, 312, 313, 315, 316, 317, 320, 321, 322, 324, 325, 326, 327, 329, 330, 331, 332, 334, 338, 341, 342, 343, 344, 346, 347, 349, 350, 353, 354, 355, 356, 358, 359, 361, 362, 363, 365, 366, 367, 368, 369, 371, 372, 374, 375, 376, 379, 380, 382, 386, 389, 390, 391, 392, 401, 402, 403, 404, 412, 416, 417, 418, 419, 420, 422, 424, 428, 430, 431, 432, 433, 435, 436, 440, 449, 450, 451, 457, 459, 460, 461, 462, 465, 466, 472, 473, 476, 483, 484, 489], "excluded_lines": []}, "": {"executed_lines": [1, 6, 7, 8, 9, 10, 11, 12, 13, 14, 15, 17, 20, 23, 24, 27, 28, 29, 30, 33, 34, 35, 36, 39, 40, 43, 44, 47, 50, 51, 52, 53, 54, 55, 56, 59, 60, 61, 62, 63, 64, 65, 68, 69, 71, 107, 156, 219, 248, 286, 336, 384, 414, 426, 438, 453], "summary": {"covered_lines": 51, "num_statements": 51, "percent_covered": 100.0, "percent_covered_display": "100", "missing_lines": 0, "excluded_lines": 0}, "missing_lines": [], "excluded_lines": []}}}, "src\\simgen\\validation\\schemas.py": {"executed_lines": [1, 6, 7, 8, 9, 10, 25, 26, 27, 28, 29, 32, 33, 34, 35, 38, 39, 40, 41, 42, 45, 46, 47, 48, 49, 52, 53, 54, 55, 59, 60, 62, 64, 66, 68, 70, 74], "summary": {"covered_lines": 35, "num_statements": 186, "percent_covered": 18.817204301075268, "percent_covered_display": "19", "missing_lines": 151, "excluded_lines": 0}, "missing_lines": [82, 85, 86, 87, 88, 92, 97, 104, 107, 113, 119, 125, 131, 137, 142, 148, 151, 156, 162, 168, 174, 179, 185, 191, 199, 202, 208, 214, 219, 224, 229, 235, 236, 238, 239, 242, 249, 250, 251, 254, 255, 257, 259, 260, 262, 263, 266, 267, 268, 271, 272, 274, 277, 280, 285, 290, 295, 300, 307, 310, 316, 322, 327, 338, 348, 349, 351, 352, 353, 354, 357, 358, 359, 360, 361, 363, 366, 369, 374, 379, 384, 390, 395, 400, 406, 412, 416, 420, 427, 430, 436, 442, 447, 453, 458, 459, 461, 462, 464, 465, 466, 469, 470, 473, 474, 477, 479, 481, 482, 484, 487, 490, 495, 507, 512, 523, 528, 533, 539, 542, 547, 552, 557, 567, 573, 580, 583, 588, 593, 598, 603, 609, 626, 629, 633, 637, 643, 646, 650, 655, 660, 665, 672, 675, 680, 686, 689, 694, 699, 704, 715], "excluded_lines": [], "functions": {"SimulationRequest.validate_prompt_content": {"executed_lines": [], "summary": {"covered_lines": 0, "num_statements": 9, "percent_covered": 0.0, "percent_covered_display": "0", "missing_lines": 9, "excluded_lines": 0}, "missing_lines": [238, 239, 242, 249, 250, 251, 254, 255, 257], "excluded_lines": []}, "SimulationRequest.validate_session_id": {"executed_lines": [], "summary": {"covered_lines": 0, "num_statements": 8, "percent_covered": 0.0, "percent_covered_display": "0", "missing_lines": 8, "excluded_lines": 0}, "missing_lines": [262, 263, 266, 267, 268, 271, 272, 274], "excluded_lines": []}, "ExecutionData.validate_screenshots": {"executed_lines": [], "summary": {"covered_lines": 0, "num_statements": 10, "percent_covered": 0.0, "percent_covered_display": "0", "missing_lines": 10, "excluded_lines": 0}, "missing_lines": [351, 352, 353, 354, 357, 358, 359, 360, 361, 363], "excluded_lines": []}, "SketchAnalysisRequest.validate_image_data": {"executed_lines": [], "summary": {"covered_lines": 0, "num_statements": 14, "percent_covered": 0.0, "percent_covered_display": "0", "missing_lines": 14, "excluded_lines": 0}, "missing_lines": [461, 462, 464, 465, 466, 469, 470, 473, 474, 477, 479, 481, 482, 484], "excluded_lines": []}, "": {"executed_lines": [1, 6, 7, 8, 9, 10, 25, 26, 27, 28, 29, 32, 33, 34, 35, 38, 39, 40, 41, 42, 45, 46, 47, 48, 49, 52, 53, 54, 55, 59, 60, 62, 64, 66, 68, 70, 74], "summary": {"covered_lines": 35, "num_statements": 145, "percent_covered": 24.137931034482758, "percent_covered_display": "24", "missing_lines": 110, "excluded_lines": 0}, "missing_lines": [82, 85, 86, 87, 88, 92, 97, 104, 107, 113, 119, 125, 131, 137, 142, 148, 151, 156, 162, 168, 174, 179, 185, 191, 199, 202, 208, 214, 219, 224, 229, 235, 236, 259, 260, 277, 280, 285, 290, 295, 300, 307, 310, 316, 322, 327, 338, 348, 349, 366, 369, 374, 379, 384, 390, 395, 400, 406, 412, 416, 420, 427, 430, 436, 442, 447, 453, 458, 459, 487, 490, 495, 507, 512, 523, 528, 533, 539, 542, 547, 552, 557, 567, 573, 580, 583, 588, 593, 598, 603, 609, 626, 629, 633, 637, 643, 646, 650, 655, 660, 665, 672, 675, 680, 686, 689, 694, 699, 704, 715], "excluded_lines": []}}, "classes": {"RenderQuality": {"executed_lines": [], "summary": {"covered_lines": 0, "num_statements": 0, "percent_covered": 100.0, "percent_covered_display": "100", "missing_lines": 0, "excluded_lines": 0}, "missing_lines": [], "excluded_lines": []}, "PhysicsAccuracy": {"executed_lines": [], "summary": {"covered_lines": 0, "num_statements": 0, "percent_covered": 100.0, "percent_covered_display": "100", "missing_lines": 0, "excluded_lines": 0}, "missing_lines": [], "excluded_lines": []}, "LightingStyle": {"executed_lines": [], "summary": {"covered_lines": 0, "num_statements": 0, "percent_covered": 100.0, "percent_covered_display": "100", "missing_lines": 0, "excluded_lines": 0}, "missing_lines": [], "excluded_lines": []}, "SimulationStatus": {"executed_lines": [], "summary": {"covered_lines": 0, "num_statements": 0, "percent_covered": 100.0, "percent_covered_display": "100", "missing_lines": 0, "excluded_lines": 0}, "missing_lines": [], "excluded_lines": []}, "AnalysisMode": {"executed_lines": [], "summary": {"covered_lines": 0, "num_statements": 0, "percent_covered": 100.0, "percent_covered_display": "100", "missing_lines": 0, "excluded_lines": 0}, "missing_lines": [], "excluded_lines": []}, "BaseRequest": {"executed_lines": [], "summary": {"covered_lines": 0, "num_statements": 0, "percent_covered": 100.0, "percent_covered_display": "100", "missing_lines": 0, "excluded_lines": 0}, "missing_lines": [], "excluded_lines": []}, "BaseRequest.Config": {"executed_lines": [], "summary": {"covered_lines": 0, "num_statements": 0, "percent_covered": 100.0, "percent_covered_display": "100", "missing_lines": 0, "excluded_lines": 0}, "missing_lines": [], "excluded_lines": []}, "BaseResponse": {"executed_lines": [], "summary": {"covered_lines": 0, "num_statements": 0, "percent_covered": 100.0, "percent_covered_display": "100", "missing_lines": 0, "excluded_lines": 0}, "missing_lines": [], "excluded_lines": []}, "BaseResponse.Config": {"executed_lines": [], "summary": {"covered_lines": 0, "num_statements": 0, "percent_covered": 100.0, "percent_covered_display": "100", "missing_lines": 0, "excluded_lines": 0}, "missing_lines": [], "excluded_lines": []}, "StylePreferences": {"executed_lines": [], "summary": {"covered_lines": 0, "num_statements": 0, "percent_covered": 100.0, "percent_covered_display": "100", "missing_lines": 0, "excluded_lines": 0}, "missing_lines": [], "excluded_lines": []}, "GenerationOptions": {"executed_lines": [], "summary": {"covered_lines": 0, "num_statements": 0, "percent_covered": 100.0, "percent_covered_display": "100", "missing_lines": 0, "excluded_lines": 0}, "missing_lines": [], "excluded_lines": []}, "SimulationRequest": {"executed_lines": [], "summary": {"covered_lines": 0, "num_statements": 17, "percent_covered": 0.0, "percent_covered_display": "0", "missing_lines": 17, "excluded_lines": 0}, "missing_lines": [238, 239, 242, 249, 250, 251, 254, 255, 257, 262, 263, 266, 267, 268, 271, 272, 274], "excluded_lines": []}, "QualityScores": {"executed_lines": [], "summary": {"covered_lines": 0, "num_statements": 0, "percent_covered": 100.0, "percent_covered_display": "100", "missing_lines": 0, "excluded_lines": 0}, "missing_lines": [], "excluded_lines": []}, "ExecutionData": {"executed_lines": [], "summary": {"covered_lines": 0, "num_statements": 10, "percent_covered": 0.0, "percent_covered_display": "0", "missing_lines": 10, "excluded_lines": 0}, "missing_lines": [351, 352, 353, 354, 357, 358, 359, 360, 361, 363], "excluded_lines": []}, "SimulationResponse": {"executed_lines": [], "summary": {"covered_lines": 0, "num_statements": 0, "percent_covered": 100.0, "percent_covered_display": "100", "missing_lines": 0, "excluded_lines": 0}, "missing_lines": [], "excluded_lines": []}, "SketchAnalysisRequest": {"executed_lines": [], "summary": {"covered_lines": 0, "num_statements": 14, "percent_covered": 0.0, "percent_covered_display": "0", "missing_lines": 14, "excluded_lines": 0}, "missing_lines": [461, 462, 464, 465, 466, 469, 470, 473, 474, 477, 479, 481, 482, 484], "excluded_lines": []}, "SketchAnalysisResponse": {"executed_lines": [], "summary": {"covered_lines": 0, "num_statements": 0, "percent_covered": 100.0, "percent_covered_display": "100", "missing_lines": 0, "excluded_lines": 0}, "missing_lines": [], "excluded_lines": []}, "ErrorResponse": {"executed_lines": [], "summary": {"covered_lines": 0, "num_statements": 0, "percent_covered": 100.0, "percent_covered_display": "100", "missing_lines": 0, "excluded_lines": 0}, "missing_lines": [], "excluded_lines": []}, "HealthResponse": {"executed_lines": [], "summary": {"covered_lines": 0, "num_statements": 0, "percent_covered": 100.0, "percent_covered_display": "100", "missing_lines": 0, "excluded_lines": 0}, "missing_lines": [], "excluded_lines": []}, "ValidationRequest": {"executed_lines": [], "summary": {"covered_lines": 0, "num_statements": 0, "percent_covered": 100.0, "percent_covered_display": "100", "missing_lines": 0, "excluded_lines": 0}, "missing_lines": [], "excluded_lines": []}, "ValidationResponse": {"executed_lines": [], "summary": {"covered_lines": 0, "num_statements": 0, "percent_covered": 100.0, "percent_covered_display": "100", "missing_lines": 0, "excluded_lines": 0}, "missing_lines": [], "excluded_lines": []}, "LoginRequest": {"executed_lines": [], "summary": {"covered_lines": 0, "num_statements": 0, "percent_covered": 100.0, "percent_covered_display": "100", "missing_lines": 0, "excluded_lines": 0}, "missing_lines": [], "excluded_lines": []}, "LoginResponse": {"executed_lines": [], "summary": {"covered_lines": 0, "num_statements": 0, "percent_covered": 100.0, "percent_covered_display": "100", "missing_lines": 0, "excluded_lines": 0}, "missing_lines": [], "excluded_lines": []}, "": {"executed_lines": [1, 6, 7, 8, 9, 10, 25, 26, 27, 28, 29, 32, 33, 34, 35, 38, 39, 40, 41, 42, 45, 46, 47, 48, 49, 52, 53, 54, 55, 59, 60, 62, 64, 66, 68, 70, 74], "summary": {"covered_lines": 35, "num_statements": 145, "percent_covered": 24.137931034482758, "percent_covered_display": "24", "missing_lines": 110, "excluded_lines": 0}, "missing_lines": [82, 85, 86, 87, 88, 92, 97, 104, 107, 113, 119, 125, 131, 137, 142, 148, 151, 156, 162, 168, 174, 179, 185, 191, 199, 202, 208, 214, 219, 224, 229, 235, 236, 259, 260, 277, 280, 285, 290, 295, 300, 307, 310, 316, 322, 327, 338, 348, 349, 366, 369, 374, 379, 384, 390, 395, 400, 406, 412, 416, 420, 427, 430, 436, 442, 447, 453, 458, 459, 487, 490, 495, 507, 512, 523, 528, 533, 539, 542, 547, 552, 557, 567, 573, 580, 583, 588, 593, 598, 603, 609, 626, 629, 633, 637, 643, 646, 650, 655, 660, 665, 672, 675, 680, 686, 689, 694, 699, 704, 715], "excluded_lines": []}}}}, "totals": {"covered_lines": 1490, "num_statements": 5152, "percent_covered": 28.92080745341615, "percent_covered_display": "29", "missing_lines": 3662, "excluded_lines": 0}}